IQ-TREE multicore version 2.2.0 COVID-edition for Linux 64-bit built Jun  1 2022
Developed by Bui Quang Minh, James Barbetti, Nguyen Lam Tung,
Olga Chernomor, Heiko Schmidt, Dominik Schrempf, Michael Woodhams, Ly Trong Nhan.

Host:    r06r18n01 (AVX, 125 GB RAM)
Command: /home/d669d153/work/iqtree-2.2.0-Linux/bin/iqtree2 -s pops.phy -m MFP -bb 1000 -nt AUTO
Seed:    912263 (Using SPRNG - Scalable Parallel Random Number Generator)
Time:    Fri Dec  2 12:50:09 2022
Kernel:  AVX - auto-detect threads (15 CPU cores detected)

Reading alignment file pops.phy ... Phylip format detected
Alignment most likely contains DNA/RNA sequences
Constructing alignment: done in 0.476948 secs using 51.39% CPU
WARNING: 1 sites contain only gaps or ambiguous characters.
Alignment has 60 sequences with 247982 columns, 25922 distinct patterns
7220 parsimony-informative, 4246 singleton sites, 236516 constant sites
            Gap/Ambiguity  Composition  p-value
Analyzing sequences: done in 0.00605654 secs using 1104% CPU
   1  hyp18070      1.25%    passed     93.42%
   2  hyp18191      0.82%    passed     62.40%
   3  hyp14037      1.26%    passed     89.16%
   4  hyp14079      1.78%    passed     99.56%
   5  hyp14065      1.40%    passed     90.66%
   6  hyp14120      3.89%    failed      1.21%
   7  hyp18159      1.00%    passed     73.35%
   8  hyp14075      1.54%    passed     95.95%
   9  hyp20218      1.92%    passed     98.69%
  10  hyp19177      0.87%    passed     68.78%
  11  hyp19178      0.92%    passed     75.98%
  12  hyp20213      2.84%    passed     62.58%
  13  hypFMNH454    2.57%    passed     61.62%
  14  hyp25637      1.24%    passed     77.87%
  15  hyp1271       1.39%    passed     96.71%
  16  hyp1273       1.03%    passed     78.54%
  17  hyp1275       2.94%    passed     43.24%
  18  hyp25921      1.65%    passed     99.97%
  19  hyp3274       2.09%    passed     95.37%
  20  hyp26984      1.17%    passed     87.51%
  21  hyp3208       1.27%    passed     96.23%
  22  hyp3158       1.16%    passed     91.37%
  23  hyp2253       1.69%    passed     99.93%
  24  hyp3095       1.36%    passed     98.59%
  25  hyp462070     1.31%    passed     95.50%
  26  hyp25675      3.93%    failed      3.69%
  27  hyp454950     1.13%    passed     91.03%
  28  hyp25880      1.92%    passed     97.67%
  29  hyp3314       1.15%    passed     86.49%
  30  hyp357608     3.92%    failed      1.58%
  31  hyp357615     1.24%    passed     93.37%
  32  hyp357612     4.37%    failed      0.08%
  33  hyp19638      1.56%    passed     99.48%
  34  hyp25868      1.08%    passed     82.90%
  35  hyp17969      1.76%    passed     99.86%
  36  hyp25672      3.74%    passed      5.08%
  37  hyp26975      1.75%    passed     99.88%
  38  hyp2229       3.30%    passed     14.39%
  39  hyp2067       1.15%    passed     79.80%
  40  hyp28329      1.31%    passed     93.59%
  41  hyp28361      2.53%    passed     65.84%
  42  hyp28376      1.89%    passed     99.60%
  43  hyp2208       1.17%    passed     85.36%
  44  hyp28294      2.61%    passed     75.79%
  45  hyp1956       1.07%    passed     82.89%
  46  hyp25670      2.03%    passed     98.95%
  47  hyp20921      1.09%    passed     81.31%
  48  hyp20193      4.24%    failed      1.15%
  49  hyp28416      1.42%    passed     99.04%
  50  hyp18193      0.92%    passed     70.00%
  51  hyp27450      1.14%    passed     85.50%
  52  hyp19046      2.04%    passed     99.31%
  53  hyp19136      1.83%    passed     99.88%
  54  hyp28676      1.37%    passed     97.64%
  55  niKU28413     1.95%    passed     88.07%
  56  niKU28414     1.91%    passed     85.20%
  57  hyp29945      0.84%    passed     63.45%
  58  hyp31636      1.17%    passed     92.49%
  59  hyp29951      1.10%    passed     88.37%
  60  hyp31644      1.26%    passed     94.77%
****  TOTAL         1.79%  5 sequences failed composition chi2 test (p-value<5%; df=3)
NOTE: minimal branch length is reduced to 0.000000403255 for long alignment
Checking for duplicate sequences: done in 0.00837823 secs using 518.4% CPU


Create initial parsimony tree by phylogenetic likelihood library (PLL)... 0.222 seconds
Measuring multi-threading efficiency up to 15 CPU cores
Increase to 10 rounds for branch lengths
6 trees examined
Threads: 1 / Time: 15.085 sec / Speedup: 1.000 / Efficiency: 100% / LogL: -605833
Threads: 2 / Time: 8.263 sec / Speedup: 1.826 / Efficiency: 91% / LogL: -605833
Threads: 3 / Time: 6.314 sec / Speedup: 2.389 / Efficiency: 80% / LogL: -605833
Threads: 4 / Time: 5.225 sec / Speedup: 2.887 / Efficiency: 72% / LogL: -605833
Threads: 5 / Time: 4.229 sec / Speedup: 3.567 / Efficiency: 71% / LogL: -605833
Threads: 6 / Time: 4.426 sec / Speedup: 3.409 / Efficiency: 57% / LogL: -605833
Threads: 7 / Time: 3.966 sec / Speedup: 3.804 / Efficiency: 54% / LogL: -605833
Threads: 8 / Time: 3.487 sec / Speedup: 4.326 / Efficiency: 54% / LogL: -605833
Threads: 9 / Time: 3.231 sec / Speedup: 4.668 / Efficiency: 52% / LogL: -605833
Threads: 10 / Time: 3.074 sec / Speedup: 4.907 / Efficiency: 49% / LogL: -605833
Determining AUTO threadcount: done in 57.3136 secs using 407.2% CPU
BEST NUMBER OF THREADS: 9

Perform fast likelihood tree search using GTR+I+G model...
Estimate model parameters (epsilon = 5.000)
Perform nearest neighbor interchange...
Optimizing NNI: done in 1.49951 secs using 897.5% CPU
Estimate model parameters (epsilon = 1.000)
1. Initial log-likelihood: -521418.159
2. Current log-likelihood: -521416.241
3. Current log-likelihood: -521415.120
Optimal log-likelihood: -521414.394
Rate parameters:  A-C: 1.02194  A-G: 4.79137  A-T: 0.71418  C-G: 1.43257  C-T: 4.77410  G-T: 1.00000
Base frequencies:  A: 0.309  C: 0.178  G: 0.192  T: 0.321
Proportion of invariable sites: 0.918
Gamma shape alpha: 0.382
Parameters optimization took 3 rounds (1.157 sec)
Time for fast ML tree search: 21.352 seconds

NOTE: ModelFinder requires 603 MB RAM!
ModelFinder will test up to 484 DNA models (sample size: 247982) ...
 No. Model         -LnL         df  AIC          AICc         BIC
Measuring multi-threading efficiency up to 15 CPU cores
Increase to 10 rounds for branch lengths
18 trees examined
Threads: 1 / Time: 15.778 sec / Speedup: 1.000 / Efficiency: 100% / LogL: -639852
Threads: 2 / Time: 10.953 sec / Speedup: 1.441 / Efficiency: 72% / LogL: -639852
Threads: 3 / Time: 8.221 sec / Speedup: 1.919 / Efficiency: 64% / LogL: -639852
Threads: 4 / Time: 6.759 sec / Speedup: 2.334 / Efficiency: 58% / LogL: -639852
Threads: 5 / Time: 5.763 sec / Speedup: 2.738 / Efficiency: 55% / LogL: -639852
Threads: 6 / Time: 5.087 sec / Speedup: 3.102 / Efficiency: 52% / LogL: -639852
Threads: 7 / Time: 4.614 sec / Speedup: 3.420 / Efficiency: 49% / LogL: -639852
Determining AUTO threadcount: done in 57.1826 secs using 315.7% CPU
BEST NUMBER OF THREADS: 6

  1  GTR+F         578180.477   125 1156610.954  1156611.081  1157913.593
Measuring multi-threading efficiency up to 15 CPU cores
Increase to 10 rounds for branch lengths
17 trees examined
Threads: 1 / Time: 15.249 sec / Speedup: 1.000 / Efficiency: 100% / LogL: -621518
Threads: 2 / Time: 10.125 sec / Speedup: 1.506 / Efficiency: 75% / LogL: -621518
Threads: 3 / Time: 8.015 sec / Speedup: 1.903 / Efficiency: 63% / LogL: -621518
Threads: 4 / Time: 6.601 sec / Speedup: 2.310 / Efficiency: 58% / LogL: -621518
Threads: 5 / Time: 4.456 sec / Speedup: 3.422 / Efficiency: 68% / LogL: -621518
Threads: 6 / Time: 4.882 sec / Speedup: 3.123 / Efficiency: 52% / LogL: -621518
Threads: 7 / Time: 4.421 sec / Speedup: 3.450 / Efficiency: 49% / LogL: -621518
Determining AUTO threadcount: done in 53.7567 secs using 312.6% CPU
BEST NUMBER OF THREADS: 5

  2  GTR+F+I       528491.170   126 1057234.340  1057234.469  1058547.400
Measuring multi-threading efficiency up to 15 CPU cores
Increase to 10 rounds for branch lengths
8 trees examined
Threads: 1 / Time: 16.869 sec / Speedup: 1.000 / Efficiency: 100% / LogL: -616121
Threads: 2 / Time: 9.447 sec / Speedup: 1.786 / Efficiency: 89% / LogL: -616121
Threads: 3 / Time: 7.962 sec / Speedup: 2.119 / Efficiency: 71% / LogL: -616121
Threads: 4 / Time: 6.626 sec / Speedup: 2.546 / Efficiency: 64% / LogL: -616121
Threads: 5 / Time: 5.655 sec / Speedup: 2.983 / Efficiency: 60% / LogL: -616121
Threads: 6 / Time: 5.022 sec / Speedup: 3.359 / Efficiency: 56% / LogL: -616121
Threads: 7 / Time: 4.532 sec / Speedup: 3.722 / Efficiency: 53% / LogL: -616121
Threads: 8 / Time: 4.147 sec / Speedup: 4.068 / Efficiency: 51% / LogL: -616121
Threads: 9 / Time: 3.815 sec / Speedup: 4.422 / Efficiency: 49% / LogL: -616121
Determining AUTO threadcount: done in 64.9253 secs using 373.9% CPU
BEST NUMBER OF THREADS: 8

  3  GTR+F+G4      550418.815   126 1101089.630  1101089.759  1102402.690
Measuring multi-threading efficiency up to 15 CPU cores
Increase to 10 rounds for branch lengths
4 trees examined
Threads: 1 / Time: 16.926 sec / Speedup: 1.000 / Efficiency: 100% / LogL: -549491
Threads: 2 / Time: 9.438 sec / Speedup: 1.793 / Efficiency: 90% / LogL: -549491
Threads: 3 / Time: 7.515 sec / Speedup: 2.252 / Efficiency: 75% / LogL: -549491
Threads: 4 / Time: 6.188 sec / Speedup: 2.735 / Efficiency: 68% / LogL: -549491
Threads: 5 / Time: 5.248 sec / Speedup: 3.225 / Efficiency: 65% / LogL: -549491
Threads: 6 / Time: 4.545 sec / Speedup: 3.724 / Efficiency: 62% / LogL: -549491
Threads: 7 / Time: 4.095 sec / Speedup: 4.133 / Efficiency: 59% / LogL: -549491
Threads: 8 / Time: 3.732 sec / Speedup: 4.536 / Efficiency: 57% / LogL: -549491
Threads: 9 / Time: 4.092 sec / Speedup: 4.136 / Efficiency: 46% / LogL: -549491
Determining AUTO threadcount: done in 61.7906 secs using 373.8% CPU
BEST NUMBER OF THREADS: 8

  4  GTR+F+I+G4    521413.076   127 1043080.152  1043080.283  1044403.633
Measuring multi-threading efficiency up to 15 CPU cores
Increase to 10 rounds for branch lengths
11 trees examined
Threads: 1 / Time: 16.398 sec / Speedup: 1.000 / Efficiency: 100% / LogL: -623451
Threads: 2 / Time: 12.107 sec / Speedup: 1.354 / Efficiency: 68% / LogL: -623451
Threads: 3 / Time: 8.555 sec / Speedup: 1.917 / Efficiency: 64% / LogL: -623451
Threads: 4 / Time: 7.059 sec / Speedup: 2.323 / Efficiency: 58% / LogL: -623451
Threads: 5 / Time: 6.173 sec / Speedup: 2.656 / Efficiency: 53% / LogL: -623451
Threads: 6 / Time: 5.321 sec / Speedup: 3.082 / Efficiency: 51% / LogL: -623451
Threads: 7 / Time: 3.987 sec / Speedup: 4.112 / Efficiency: 59% / LogL: -623451
Threads: 8 / Time: 4.426 sec / Speedup: 3.705 / Efficiency: 46% / LogL: -623451
Determining AUTO threadcount: done in 64.0366 secs using 343.5% CPU
BEST NUMBER OF THREADS: 7

  5  GTR+F+R2      521708.932   127 1043671.864  1043671.995  1044995.345
Measuring multi-threading efficiency up to 15 CPU cores
Increase to 10 rounds for branch lengths
9 trees examined
Threads: 1 / Time: 15.835 sec / Speedup: 1.000 / Efficiency: 100% / LogL: -605667
Threads: 2 / Time: 9.387 sec / Speedup: 1.687 / Efficiency: 84% / LogL: -605667
Threads: 3 / Time: 6.937 sec / Speedup: 2.283 / Efficiency: 76% / LogL: -605667
Threads: 4 / Time: 5.689 sec / Speedup: 2.783 / Efficiency: 70% / LogL: -605667
Threads: 5 / Time: 4.801 sec / Speedup: 3.298 / Efficiency: 66% / LogL: -605667
Threads: 6 / Time: 4.217 sec / Speedup: 3.755 / Efficiency: 63% / LogL: -605667
Threads: 7 / Time: 4.269 sec / Speedup: 3.709 / Efficiency: 53% / LogL: -605667
Threads: 8 / Time: 3.379 sec / Speedup: 4.686 / Efficiency: 59% / LogL: -605667
Threads: 9 / Time: 3.115 sec / Speedup: 5.083 / Efficiency: 56% / LogL: -605667
Threads: 10 / Time: 2.899 sec / Speedup: 5.462 / Efficiency: 55% / LogL: -605667
Threads: 11 / Time: 2.712 sec / Speedup: 5.839 / Efficiency: 53% / LogL: -605667
Threads: 12 / Time: 2.586 sec / Speedup: 6.123 / Efficiency: 51% / LogL: -605667
Threads: 13 / Time: 2.415 sec / Speedup: 6.556 / Efficiency: 50% / LogL: -605667
Threads: 14 / Time: 2.751 sec / Speedup: 5.756 / Efficiency: 41% / LogL: -605667
Determining AUTO threadcount: done in 71.0085 secs using 521.3% CPU
BEST NUMBER OF THREADS: 13

  6  GTR+F+R3      520864.319   129 1041986.638  1041986.773  1043330.961
Measuring multi-threading efficiency up to 15 CPU cores
Increase to 10 rounds for branch lengths
7 trees examined
Threads: 1 / Time: 16.453 sec / Speedup: 1.000 / Efficiency: 100% / LogL: -617770
Threads: 2 / Time: 10.968 sec / Speedup: 1.500 / Efficiency: 75% / LogL: -617770
Threads: 3 / Time: 7.805 sec / Speedup: 2.108 / Efficiency: 70% / LogL: -617770
Threads: 4 / Time: 6.791 sec / Speedup: 2.423 / Efficiency: 61% / LogL: -617770
Threads: 5 / Time: 4.857 sec / Speedup: 3.387 / Efficiency: 68% / LogL: -617770
Threads: 6 / Time: 4.324 sec / Speedup: 3.805 / Efficiency: 63% / LogL: -617770
Threads: 7 / Time: 3.767 sec / Speedup: 4.368 / Efficiency: 62% / LogL: -617770
Threads: 8 / Time: 4.053 sec / Speedup: 4.060 / Efficiency: 51% / LogL: -617770
Threads: 9 / Time: 3.277 sec / Speedup: 5.021 / Efficiency: 56% / LogL: -617770
Threads: 10 / Time: 3.048 sec / Speedup: 5.398 / Efficiency: 54% / LogL: -617770
Threads: 11 / Time: 2.891 sec / Speedup: 5.692 / Efficiency: 52% / LogL: -617770
Threads: 12 / Time: 2.668 sec / Speedup: 6.167 / Efficiency: 51% / LogL: -617770
Threads: 13 / Time: 2.425 sec / Speedup: 6.784 / Efficiency: 52% / LogL: -617770
Threads: 14 / Time: 4.389 sec / Speedup: 3.749 / Efficiency: 27% / LogL: -617770
Determining AUTO threadcount: done in 77.7339 secs using 528.2% CPU
BEST NUMBER OF THREADS: 13

  7  GTR+F+R4      519445.865   131 1039153.731  1039153.870  1040518.896
Measuring multi-threading efficiency up to 15 CPU cores
Increase to 10 rounds for branch lengths
6 trees examined
Threads: 1 / Time: 15.643 sec / Speedup: 1.000 / Efficiency: 100% / LogL: -616452
Threads: 2 / Time: 9.773 sec / Speedup: 1.601 / Efficiency: 80% / LogL: -616452
Threads: 3 / Time: 7.409 sec / Speedup: 2.111 / Efficiency: 70% / LogL: -616452
Threads: 4 / Time: 5.519 sec / Speedup: 2.834 / Efficiency: 71% / LogL: -616452
Threads: 5 / Time: 4.770 sec / Speedup: 3.279 / Efficiency: 66% / LogL: -616452
Threads: 6 / Time: 4.066 sec / Speedup: 3.847 / Efficiency: 64% / LogL: -616452
Threads: 7 / Time: 3.625 sec / Speedup: 4.315 / Efficiency: 62% / LogL: -616452
Threads: 8 / Time: 3.956 sec / Speedup: 3.954 / Efficiency: 49% / LogL: -616452
Determining AUTO threadcount: done in 54.773 secs using 335.6% CPU
BEST NUMBER OF THREADS: 7

  8  GTR+F+R5      519445.885   133 1039157.771  1039157.915  1040543.779
Measuring multi-threading efficiency up to 15 CPU cores
Increase to 10 rounds for branch lengths
11 trees examined
Threads: 1 / Time: 15.939 sec / Speedup: 1.000 / Efficiency: 100% / LogL: -606393
Threads: 2 / Time: 11.319 sec / Speedup: 1.408 / Efficiency: 70% / LogL: -606393
Threads: 3 / Time: 6.961 sec / Speedup: 2.290 / Efficiency: 76% / LogL: -606393
Threads: 4 / Time: 5.956 sec / Speedup: 2.676 / Efficiency: 67% / LogL: -606393
Threads: 5 / Time: 5.876 sec / Speedup: 2.712 / Efficiency: 54% / LogL: -606393
Threads: 6 / Time: 5.287 sec / Speedup: 3.015 / Efficiency: 50% / LogL: -606393
Threads: 7 / Time: 4.835 sec / Speedup: 3.297 / Efficiency: 47% / LogL: -606393
Determining AUTO threadcount: done in 56.1804 secs using 316.2% CPU
BEST NUMBER OF THREADS: 6

 14  GTR+F+I+I+R2  519775.674   128 1039807.347  1039807.480  1041141.249
Measuring multi-threading efficiency up to 15 CPU cores
Increase to 10 rounds for branch lengths
8 trees examined
Threads: 1 / Time: 15.725 sec / Speedup: 1.000 / Efficiency: 100% / LogL: -600389
Threads: 2 / Time: 8.933 sec / Speedup: 1.760 / Efficiency: 88% / LogL: -600389
Threads: 3 / Time: 7.530 sec / Speedup: 2.088 / Efficiency: 70% / LogL: -600389
Threads: 4 / Time: 5.652 sec / Speedup: 2.782 / Efficiency: 70% / LogL: -600389
Threads: 5 / Time: 4.686 sec / Speedup: 3.355 / Efficiency: 67% / LogL: -600389
Threads: 6 / Time: 4.168 sec / Speedup: 3.773 / Efficiency: 63% / LogL: -600389
Threads: 7 / Time: 4.178 sec / Speedup: 3.764 / Efficiency: 54% / LogL: -600389
Threads: 8 / Time: 3.339 sec / Speedup: 4.710 / Efficiency: 59% / LogL: -600389
Threads: 9 / Time: 3.573 sec / Speedup: 4.400 / Efficiency: 49% / LogL: -600389
Determining AUTO threadcount: done in 57.7962 secs using 371.2% CPU
BEST NUMBER OF THREADS: 8

 15  GTR+F+I+I+R3  519429.366   130 1039118.733  1039118.870  1040473.477
Measuring multi-threading efficiency up to 15 CPU cores
Increase to 10 rounds for branch lengths
7 trees examined
Threads: 1 / Time: 17.257 sec / Speedup: 1.000 / Efficiency: 100% / LogL: -597353
Threads: 2 / Time: 11.233 sec / Speedup: 1.536 / Efficiency: 77% / LogL: -597353
Threads: 3 / Time: 7.490 sec / Speedup: 2.304 / Efficiency: 77% / LogL: -597353
Threads: 4 / Time: 6.211 sec / Speedup: 2.778 / Efficiency: 69% / LogL: -597353
Threads: 5 / Time: 5.103 sec / Speedup: 3.382 / Efficiency: 68% / LogL: -597353
Threads: 6 / Time: 4.506 sec / Speedup: 3.830 / Efficiency: 64% / LogL: -597353
Threads: 7 / Time: 4.121 sec / Speedup: 4.187 / Efficiency: 60% / LogL: -597353
Threads: 8 / Time: 3.755 sec / Speedup: 4.595 / Efficiency: 57% / LogL: -597353
Threads: 9 / Time: 3.504 sec / Speedup: 4.926 / Efficiency: 55% / LogL: -597353
Threads: 10 / Time: 3.656 sec / Speedup: 4.720 / Efficiency: 47% / LogL: -597353
Determining AUTO threadcount: done in 66.8498 secs using 397.4% CPU
BEST NUMBER OF THREADS: 9

 16  GTR+F+I+I+R4  519405.145   132 1039074.290  1039074.432  1040449.877
Measuring multi-threading efficiency up to 15 CPU cores
Increase to 10 rounds for branch lengths
6 trees examined
Threads: 1 / Time: 17.789 sec / Speedup: 1.000 / Efficiency: 100% / LogL: -594432
Threads: 2 / Time: 11.605 sec / Speedup: 1.533 / Efficiency: 77% / LogL: -594432
Threads: 3 / Time: 8.464 sec / Speedup: 2.102 / Efficiency: 70% / LogL: -594432
Threads: 4 / Time: 6.266 sec / Speedup: 2.839 / Efficiency: 71% / LogL: -594432
Threads: 5 / Time: 5.878 sec / Speedup: 3.026 / Efficiency: 61% / LogL: -594432
Threads: 6 / Time: 4.611 sec / Speedup: 3.858 / Efficiency: 64% / LogL: -594432
Threads: 7 / Time: 4.822 sec / Speedup: 3.689 / Efficiency: 53% / LogL: -594432
Threads: 8 / Time: 4.363 sec / Speedup: 4.077 / Efficiency: 51% / LogL: -594432
Threads: 9 / Time: 3.984 sec / Speedup: 4.465 / Efficiency: 50% / LogL: -594432
Determining AUTO threadcount: done in 67.7954 secs using 371.5% CPU
BEST NUMBER OF THREADS: 8

 17  GTR+F+I+I+R5  519382.474   134 1039032.948  1039033.094  1040429.377
Measuring multi-threading efficiency up to 15 CPU cores
Increase to 10 rounds for branch lengths
5 trees examined
Threads: 1 / Time: 17.495 sec / Speedup: 1.000 / Efficiency: 100% / LogL: -595093
Threads: 2 / Time: 9.892 sec / Speedup: 1.769 / Efficiency: 88% / LogL: -595093
Threads: 3 / Time: 7.492 sec / Speedup: 2.335 / Efficiency: 78% / LogL: -595093
Threads: 4 / Time: 6.095 sec / Speedup: 2.871 / Efficiency: 72% / LogL: -595093
Threads: 5 / Time: 5.100 sec / Speedup: 3.431 / Efficiency: 69% / LogL: -595093
Threads: 6 / Time: 4.349 sec / Speedup: 4.023 / Efficiency: 67% / LogL: -595093
Threads: 7 / Time: 3.853 sec / Speedup: 4.541 / Efficiency: 65% / LogL: -595093
Threads: 8 / Time: 3.491 sec / Speedup: 5.011 / Efficiency: 63% / LogL: -595093
Threads: 9 / Time: 3.418 sec / Speedup: 5.118 / Efficiency: 57% / LogL: -595093
Threads: 10 / Time: 3.205 sec / Speedup: 5.459 / Efficiency: 55% / LogL: -595093
Threads: 11 / Time: 3.012 sec / Speedup: 5.809 / Efficiency: 53% / LogL: -595093
Threads: 12 / Time: 2.835 sec / Speedup: 6.172 / Efficiency: 51% / LogL: -595093
Threads: 13 / Time: 2.677 sec / Speedup: 6.536 / Efficiency: 50% / LogL: -595093
Threads: 14 / Time: 2.541 sec / Speedup: 6.884 / Efficiency: 49% / LogL: -595093
Determining AUTO threadcount: done in 75.4812 secs using 515.1% CPU
BEST NUMBER OF THREADS: 13

 18  GTR+F+I+I+R6  519376.041   136 1039024.082  1039024.233  1040441.353
Measuring multi-threading efficiency up to 15 CPU cores
Increase to 10 rounds for branch lengths
4 trees examined
Threads: 1 / Time: 18.571 sec / Speedup: 1.000 / Efficiency: 100% / LogL: -555522
Threads: 2 / Time: 11.132 sec / Speedup: 1.668 / Efficiency: 83% / LogL: -555522
Threads: 3 / Time: 8.639 sec / Speedup: 2.150 / Efficiency: 72% / LogL: -555522
Threads: 4 / Time: 6.410 sec / Speedup: 2.897 / Efficiency: 72% / LogL: -555522
Threads: 5 / Time: 5.383 sec / Speedup: 3.450 / Efficiency: 69% / LogL: -555522
Threads: 6 / Time: 4.739 sec / Speedup: 3.919 / Efficiency: 65% / LogL: -555522
Threads: 7 / Time: 4.226 sec / Speedup: 4.394 / Efficiency: 63% / LogL: -555522
Threads: 8 / Time: 3.873 sec / Speedup: 4.795 / Efficiency: 60% / LogL: -555522
Threads: 9 / Time: 3.533 sec / Speedup: 5.257 / Efficiency: 58% / LogL: -555522
Threads: 10 / Time: 3.386 sec / Speedup: 5.485 / Efficiency: 55% / LogL: -555522
Threads: 11 / Time: 3.565 sec / Speedup: 5.209 / Efficiency: 47% / LogL: -555522
Determining AUTO threadcount: done in 73.4736 secs using 424.4% CPU
BEST NUMBER OF THREADS: 9

 39  SYM+I+I+R5    527962.202   131 1056186.404  1056186.543  1057551.569
Measuring multi-threading efficiency up to 15 CPU cores
Increase to 10 rounds for branch lengths
4 trees examined
Threads: 1 / Time: 16.834 sec / Speedup: 1.000 / Efficiency: 100% / LogL: -548043
Threads: 2 / Time: 10.672 sec / Speedup: 1.577 / Efficiency: 79% / LogL: -548043
Threads: 3 / Time: 7.939 sec / Speedup: 2.120 / Efficiency: 71% / LogL: -548043
Threads: 4 / Time: 6.705 sec / Speedup: 2.511 / Efficiency: 63% / LogL: -548043
Threads: 5 / Time: 5.711 sec / Speedup: 2.948 / Efficiency: 59% / LogL: -548043
Threads: 6 / Time: 5.091 sec / Speedup: 3.307 / Efficiency: 55% / LogL: -548043
Threads: 7 / Time: 4.518 sec / Speedup: 3.726 / Efficiency: 53% / LogL: -548043
Threads: 8 / Time: 4.127 sec / Speedup: 4.079 / Efficiency: 51% / LogL: -548043
Threads: 9 / Time: 3.782 sec / Speedup: 4.451 / Efficiency: 49% / LogL: -548043
Determining AUTO threadcount: done in 65.3929 secs using 375.4% CPU
BEST NUMBER OF THREADS: 8

 61  TVM+F+I+I+R5  519376.944   133 1039019.888  1039020.032  1040405.896
Measuring multi-threading efficiency up to 15 CPU cores
Increase to 10 rounds for branch lengths
4 trees examined
Threads: 1 / Time: 18.304 sec / Speedup: 1.000 / Efficiency: 100% / LogL: -557015
Threads: 2 / Time: 11.610 sec / Speedup: 1.577 / Efficiency: 79% / LogL: -557015
Threads: 3 / Time: 8.607 sec / Speedup: 2.127 / Efficiency: 71% / LogL: -557015
Threads: 4 / Time: 7.287 sec / Speedup: 2.512 / Efficiency: 63% / LogL: -557015
Threads: 5 / Time: 6.177 sec / Speedup: 2.963 / Efficiency: 59% / LogL: -557015
Threads: 6 / Time: 5.478 sec / Speedup: 3.342 / Efficiency: 56% / LogL: -557015
Threads: 7 / Time: 4.237 sec / Speedup: 4.320 / Efficiency: 62% / LogL: -557015
Threads: 8 / Time: 3.902 sec / Speedup: 4.691 / Efficiency: 59% / LogL: -557015
Threads: 9 / Time: 3.603 sec / Speedup: 5.081 / Efficiency: 56% / LogL: -557015
Threads: 10 / Time: 3.357 sec / Speedup: 5.452 / Efficiency: 55% / LogL: -557015
Threads: 11 / Time: 3.268 sec / Speedup: 5.601 / Efficiency: 51% / LogL: -557015
Threads: 12 / Time: 2.925 sec / Speedup: 6.259 / Efficiency: 52% / LogL: -557015
Threads: 13 / Time: 2.747 sec / Speedup: 6.662 / Efficiency: 51% / LogL: -557015
Threads: 14 / Time: 2.600 sec / Speedup: 7.039 / Efficiency: 50% / LogL: -557015
Threads: 15 / Time: 4.385 sec / Speedup: 4.174 / Efficiency: 28% / LogL: -557015
Determining AUTO threadcount: done in 88.5104 secs using 555% CPU
BEST NUMBER OF THREADS: 14

 83  TVMe+I+I+R5   527962.939   130 1056185.877  1056186.015  1057540.622
Measuring multi-threading efficiency up to 15 CPU cores
Increase to 10 rounds for branch lengths
4 trees examined
Threads: 1 / Time: 17.311 sec / Speedup: 1.000 / Efficiency: 100% / LogL: -547727
Threads: 2 / Time: 11.223 sec / Speedup: 1.543 / Efficiency: 77% / LogL: -547727
Threads: 3 / Time: 7.367 sec / Speedup: 2.350 / Efficiency: 78% / LogL: -547727
Threads: 4 / Time: 6.044 sec / Speedup: 2.864 / Efficiency: 72% / LogL: -547727
Threads: 5 / Time: 5.123 sec / Speedup: 3.379 / Efficiency: 68% / LogL: -547727
Threads: 6 / Time: 4.509 sec / Speedup: 3.839 / Efficiency: 64% / LogL: -547727
Threads: 7 / Time: 4.464 sec / Speedup: 3.878 / Efficiency: 55% / LogL: -547727
Threads: 8 / Time: 3.657 sec / Speedup: 4.734 / Efficiency: 59% / LogL: -547727
Threads: 9 / Time: 3.353 sec / Speedup: 5.163 / Efficiency: 57% / LogL: -547727
Threads: 10 / Time: 3.155 sec / Speedup: 5.486 / Efficiency: 55% / LogL: -547727
Threads: 11 / Time: 2.956 sec / Speedup: 5.856 / Efficiency: 53% / LogL: -547727
Threads: 12 / Time: 3.164 sec / Speedup: 5.471 / Efficiency: 46% / LogL: -547727
Determining AUTO threadcount: done in 72.6652 secs using 454.2% CPU
BEST NUMBER OF THREADS: 11

105  TIM3+F+I+I+R5 519496.663   132 1039257.326  1039257.468  1040632.913
Measuring multi-threading efficiency up to 15 CPU cores
Increase to 10 rounds for branch lengths
4 trees examined
Threads: 1 / Time: 18.211 sec / Speedup: 1.000 / Efficiency: 100% / LogL: -557100
Threads: 2 / Time: 11.827 sec / Speedup: 1.540 / Efficiency: 77% / LogL: -557100
Threads: 3 / Time: 8.465 sec / Speedup: 2.151 / Efficiency: 72% / LogL: -557100
Threads: 4 / Time: 6.501 sec / Speedup: 2.801 / Efficiency: 70% / LogL: -557100
Threads: 5 / Time: 5.352 sec / Speedup: 3.403 / Efficiency: 68% / LogL: -557100
Threads: 6 / Time: 4.644 sec / Speedup: 3.921 / Efficiency: 65% / LogL: -557100
Threads: 7 / Time: 4.195 sec / Speedup: 4.341 / Efficiency: 62% / LogL: -557100
Threads: 8 / Time: 3.825 sec / Speedup: 4.760 / Efficiency: 60% / LogL: -557100
Threads: 9 / Time: 3.509 sec / Speedup: 5.189 / Efficiency: 58% / LogL: -557100
Threads: 10 / Time: 3.268 sec / Speedup: 5.572 / Efficiency: 56% / LogL: -557100
Threads: 11 / Time: 3.497 sec / Speedup: 5.207 / Efficiency: 47% / LogL: -557100
Determining AUTO threadcount: done in 73.313 secs using 421.8% CPU
BEST NUMBER OF THREADS: 10

127  TIM3e+I+I+R5  527963.404   129 1056184.809  1056184.944  1057529.132
Measuring multi-threading efficiency up to 15 CPU cores
Increase to 10 rounds for branch lengths
4 trees examined
Threads: 1 / Time: 17.411 sec / Speedup: 1.000 / Efficiency: 100% / LogL: -548041
Threads: 2 / Time: 11.250 sec / Speedup: 1.548 / Efficiency: 77% / LogL: -548041
Threads: 3 / Time: 8.197 sec / Speedup: 2.124 / Efficiency: 71% / LogL: -548041
Threads: 4 / Time: 6.668 sec / Speedup: 2.611 / Efficiency: 65% / LogL: -548041
Threads: 5 / Time: 5.054 sec / Speedup: 3.445 / Efficiency: 69% / LogL: -548041
Threads: 6 / Time: 5.078 sec / Speedup: 3.429 / Efficiency: 57% / LogL: -548041
Threads: 7 / Time: 3.963 sec / Speedup: 4.394 / Efficiency: 63% / LogL: -548041
Threads: 8 / Time: 3.648 sec / Speedup: 4.773 / Efficiency: 60% / LogL: -548041
Threads: 9 / Time: 3.343 sec / Speedup: 5.209 / Efficiency: 58% / LogL: -548041
Threads: 10 / Time: 3.122 sec / Speedup: 5.577 / Efficiency: 56% / LogL: -548041
Threads: 11 / Time: 2.995 sec / Speedup: 5.813 / Efficiency: 53% / LogL: -548041
Threads: 12 / Time: 2.829 sec / Speedup: 6.155 / Efficiency: 51% / LogL: -548041
Threads: 13 / Time: 2.980 sec / Speedup: 5.843 / Efficiency: 45% / LogL: -548041
Determining AUTO threadcount: done in 76.5574 secs using 482% CPU
BEST NUMBER OF THREADS: 12

149  TIM2+F+I+I+R5 519518.093   132 1039300.186  1039300.328  1040675.773
Measuring multi-threading efficiency up to 15 CPU cores
Increase to 10 rounds for branch lengths
4 trees examined
Threads: 1 / Time: 18.176 sec / Speedup: 1.000 / Efficiency: 100% / LogL: -555810
Threads: 2 / Time: 11.906 sec / Speedup: 1.527 / Efficiency: 76% / LogL: -555810
Threads: 3 / Time: 8.645 sec / Speedup: 2.103 / Efficiency: 70% / LogL: -555810
Threads: 4 / Time: 7.232 sec / Speedup: 2.513 / Efficiency: 63% / LogL: -555810
Threads: 5 / Time: 6.234 sec / Speedup: 2.916 / Efficiency: 58% / LogL: -555810
Threads: 6 / Time: 5.540 sec / Speedup: 3.281 / Efficiency: 55% / LogL: -555810
Threads: 7 / Time: 4.934 sec / Speedup: 3.684 / Efficiency: 53% / LogL: -555810
Threads: 8 / Time: 4.496 sec / Speedup: 4.042 / Efficiency: 51% / LogL: -555810
Threads: 9 / Time: 4.082 sec / Speedup: 4.453 / Efficiency: 49% / LogL: -555810
Determining AUTO threadcount: done in 71.2596 secs using 375.3% CPU
BEST NUMBER OF THREADS: 8

171  TIM2e+I+I+R5  527969.568   129 1056197.135  1056197.271  1057541.459
Measuring multi-threading efficiency up to 15 CPU cores
Increase to 10 rounds for branch lengths
4 trees examined
Threads: 1 / Time: 18.054 sec / Speedup: 1.000 / Efficiency: 100% / LogL: -547014
Threads: 2 / Time: 11.105 sec / Speedup: 1.626 / Efficiency: 81% / LogL: -547014
Threads: 3 / Time: 8.446 sec / Speedup: 2.137 / Efficiency: 71% / LogL: -547014
Threads: 4 / Time: 7.001 sec / Speedup: 2.579 / Efficiency: 64% / LogL: -547014
Threads: 5 / Time: 6.017 sec / Speedup: 3.000 / Efficiency: 60% / LogL: -547014
Threads: 6 / Time: 5.350 sec / Speedup: 3.374 / Efficiency: 56% / LogL: -547014
Threads: 7 / Time: 4.750 sec / Speedup: 3.801 / Efficiency: 54% / LogL: -547014
Threads: 8 / Time: 4.326 sec / Speedup: 4.174 / Efficiency: 52% / LogL: -547014
Threads: 9 / Time: 3.953 sec / Speedup: 4.567 / Efficiency: 51% / LogL: -547014
Threads: 10 / Time: 3.663 sec / Speedup: 4.928 / Efficiency: 49% / LogL: -547014
Determining AUTO threadcount: done in 72.6808 secs using 405.4% CPU
BEST NUMBER OF THREADS: 9

193  TIM+F+I+I+R5  519632.541   132 1039529.082  1039529.224  1040904.669
Measuring multi-threading efficiency up to 15 CPU cores
Increase to 10 rounds for branch lengths
4 trees examined
Threads: 1 / Time: 17.962 sec / Speedup: 1.000 / Efficiency: 100% / LogL: -555524
Threads: 2 / Time: 11.631 sec / Speedup: 1.544 / Efficiency: 77% / LogL: -555524
Threads: 3 / Time: 8.469 sec / Speedup: 2.121 / Efficiency: 71% / LogL: -555524
Threads: 4 / Time: 6.885 sec / Speedup: 2.609 / Efficiency: 65% / LogL: -555524
Threads: 5 / Time: 5.290 sec / Speedup: 3.396 / Efficiency: 68% / LogL: -555524
Threads: 6 / Time: 4.654 sec / Speedup: 3.860 / Efficiency: 64% / LogL: -555524
Threads: 7 / Time: 4.141 sec / Speedup: 4.338 / Efficiency: 62% / LogL: -555524
Threads: 8 / Time: 3.792 sec / Speedup: 4.737 / Efficiency: 59% / LogL: -555524
Threads: 9 / Time: 3.476 sec / Speedup: 5.167 / Efficiency: 57% / LogL: -555524
Threads: 10 / Time: 3.247 sec / Speedup: 5.533 / Efficiency: 55% / LogL: -555524
Threads: 11 / Time: 3.052 sec / Speedup: 5.885 / Efficiency: 54% / LogL: -555524
Threads: 12 / Time: 2.897 sec / Speedup: 6.200 / Efficiency: 52% / LogL: -555524
Threads: 13 / Time: 2.720 sec / Speedup: 6.603 / Efficiency: 51% / LogL: -555524
Threads: 14 / Time: 2.934 sec / Speedup: 6.123 / Efficiency: 44% / LogL: -555524
Determining AUTO threadcount: done in 81.1725 secs using 510.7% CPU
BEST NUMBER OF THREADS: 13

215  TIMe+I+I+R5   527970.336   129 1056198.672  1056198.807  1057542.995
Measuring multi-threading efficiency up to 15 CPU cores
Increase to 10 rounds for branch lengths
4 trees examined
Threads: 1 / Time: 17.487 sec / Speedup: 1.000 / Efficiency: 100% / LogL: -548163
Threads: 2 / Time: 9.798 sec / Speedup: 1.785 / Efficiency: 89% / LogL: -548163
Threads: 3 / Time: 8.238 sec / Speedup: 2.123 / Efficiency: 71% / LogL: -548163
Threads: 4 / Time: 6.108 sec / Speedup: 2.863 / Efficiency: 72% / LogL: -548163
Threads: 5 / Time: 5.095 sec / Speedup: 3.432 / Efficiency: 69% / LogL: -548163
Threads: 6 / Time: 4.523 sec / Speedup: 3.866 / Efficiency: 64% / LogL: -548163
Threads: 7 / Time: 4.037 sec / Speedup: 4.332 / Efficiency: 62% / LogL: -548163
Threads: 8 / Time: 3.689 sec / Speedup: 4.740 / Efficiency: 59% / LogL: -548163
Threads: 9 / Time: 3.845 sec / Speedup: 4.548 / Efficiency: 51% / LogL: -548163
Threads: 10 / Time: 3.176 sec / Speedup: 5.505 / Efficiency: 55% / LogL: -548163
Threads: 11 / Time: 3.342 sec / Speedup: 5.232 / Efficiency: 48% / LogL: -548163
Determining AUTO threadcount: done in 69.3547 secs using 430.2% CPU
BEST NUMBER OF THREADS: 10

237  TPM3u+F+I+I+R5 519497.125   131 1039256.250  1039256.390  1040621.416
Measuring multi-threading efficiency up to 15 CPU cores
Increase to 10 rounds for branch lengths
4 trees examined
Threads: 1 / Time: 18.499 sec / Speedup: 1.000 / Efficiency: 100% / LogL: -556793
Threads: 2 / Time: 10.160 sec / Speedup: 1.821 / Efficiency: 91% / LogL: -556793
Threads: 3 / Time: 7.925 sec / Speedup: 2.334 / Efficiency: 78% / LogL: -556793
Threads: 4 / Time: 6.476 sec / Speedup: 2.856 / Efficiency: 71% / LogL: -556793
Threads: 5 / Time: 6.273 sec / Speedup: 2.949 / Efficiency: 59% / LogL: -556793
Threads: 6 / Time: 5.539 sec / Speedup: 3.340 / Efficiency: 56% / LogL: -556793
Threads: 7 / Time: 4.945 sec / Speedup: 3.741 / Efficiency: 53% / LogL: -556793
Threads: 8 / Time: 4.535 sec / Speedup: 4.079 / Efficiency: 51% / LogL: -556793
Threads: 9 / Time: 4.107 sec / Speedup: 4.504 / Efficiency: 50% / LogL: -556793
Threads: 10 / Time: 3.347 sec / Speedup: 5.528 / Efficiency: 55% / LogL: -556793
Threads: 11 / Time: 3.181 sec / Speedup: 5.815 / Efficiency: 53% / LogL: -556793
Threads: 12 / Time: 3.000 sec / Speedup: 6.167 / Efficiency: 51% / LogL: -556793
Threads: 13 / Time: 2.832 sec / Speedup: 6.533 / Efficiency: 50% / LogL: -556793
Threads: 14 / Time: 4.319 sec / Speedup: 4.283 / Efficiency: 31% / LogL: -556793
Determining AUTO threadcount: done in 87.9592 secs using 521.4% CPU
BEST NUMBER OF THREADS: 13

259  TPM3+I+I+R5   527964.232   128 1056184.463  1056184.597  1057518.366
Measuring multi-threading efficiency up to 15 CPU cores
Increase to 10 rounds for branch lengths
4 trees examined
Threads: 1 / Time: 17.518 sec / Speedup: 1.000 / Efficiency: 100% / LogL: -548120
Threads: 2 / Time: 10.255 sec / Speedup: 1.708 / Efficiency: 85% / LogL: -548120
Threads: 3 / Time: 7.455 sec / Speedup: 2.350 / Efficiency: 78% / LogL: -548120
Threads: 4 / Time: 6.743 sec / Speedup: 2.598 / Efficiency: 65% / LogL: -548120
Threads: 5 / Time: 5.141 sec / Speedup: 3.408 / Efficiency: 68% / LogL: -548120
Threads: 6 / Time: 4.524 sec / Speedup: 3.872 / Efficiency: 65% / LogL: -548120
Threads: 7 / Time: 4.064 sec / Speedup: 4.311 / Efficiency: 62% / LogL: -548120
Threads: 8 / Time: 3.755 sec / Speedup: 4.665 / Efficiency: 58% / LogL: -548120
Threads: 9 / Time: 3.370 sec / Speedup: 5.198 / Efficiency: 58% / LogL: -548120
Threads: 10 / Time: 3.157 sec / Speedup: 5.548 / Efficiency: 55% / LogL: -548120
Threads: 11 / Time: 2.963 sec / Speedup: 5.913 / Efficiency: 54% / LogL: -548120
Threads: 12 / Time: 3.213 sec / Speedup: 5.453 / Efficiency: 45% / LogL: -548120
Determining AUTO threadcount: done in 72.1752 secs using 458% CPU
BEST NUMBER OF THREADS: 11

281  TPM2u+F+I+I+R5 519518.026   131 1039298.052  1039298.191  1040663.217
Measuring multi-threading efficiency up to 15 CPU cores
Increase to 10 rounds for branch lengths
4 trees examined
Threads: 1 / Time: 18.579 sec / Speedup: 1.000 / Efficiency: 100% / LogL: -555494
Threads: 2 / Time: 11.767 sec / Speedup: 1.579 / Efficiency: 79% / LogL: -555494
Threads: 3 / Time: 8.812 sec / Speedup: 2.108 / Efficiency: 70% / LogL: -555494
Threads: 4 / Time: 7.151 sec / Speedup: 2.598 / Efficiency: 65% / LogL: -555494
Threads: 5 / Time: 5.494 sec / Speedup: 3.381 / Efficiency: 68% / LogL: -555494
Threads: 6 / Time: 5.564 sec / Speedup: 3.339 / Efficiency: 56% / LogL: -555494
Threads: 7 / Time: 4.258 sec / Speedup: 4.363 / Efficiency: 62% / LogL: -555494
Threads: 8 / Time: 4.505 sec / Speedup: 4.124 / Efficiency: 52% / LogL: -555494
Threads: 9 / Time: 4.111 sec / Speedup: 4.519 / Efficiency: 50% / LogL: -555494
Threads: 10 / Time: 3.811 sec / Speedup: 4.875 / Efficiency: 49% / LogL: -555494
Determining AUTO threadcount: done in 74.0677 secs using 401.9% CPU
BEST NUMBER OF THREADS: 7

303  TPM2+I+I+R5   527970.442   128 1056196.884  1056197.017  1057530.786
Measuring multi-threading efficiency up to 15 CPU cores
Increase to 10 rounds for branch lengths
4 trees examined
Threads: 1 / Time: 17.973 sec / Speedup: 1.000 / Efficiency: 100% / LogL: -548201
Threads: 2 / Time: 10.721 sec / Speedup: 1.676 / Efficiency: 84% / LogL: -548201
Threads: 3 / Time: 7.692 sec / Speedup: 2.337 / Efficiency: 78% / LogL: -548201
Threads: 4 / Time: 6.305 sec / Speedup: 2.851 / Efficiency: 71% / LogL: -548201
Threads: 5 / Time: 5.310 sec / Speedup: 3.385 / Efficiency: 68% / LogL: -548201
Threads: 6 / Time: 4.698 sec / Speedup: 3.826 / Efficiency: 64% / LogL: -548201
Threads: 7 / Time: 4.172 sec / Speedup: 4.308 / Efficiency: 62% / LogL: -548201
Threads: 8 / Time: 3.838 sec / Speedup: 4.683 / Efficiency: 59% / LogL: -548201
Threads: 9 / Time: 3.562 sec / Speedup: 5.046 / Efficiency: 56% / LogL: -548201
Threads: 10 / Time: 3.317 sec / Speedup: 5.419 / Efficiency: 54% / LogL: -548201
Threads: 11 / Time: 3.112 sec / Speedup: 5.775 / Efficiency: 52% / LogL: -548201
Threads: 12 / Time: 2.928 sec / Speedup: 6.138 / Efficiency: 51% / LogL: -548201
Threads: 13 / Time: 2.764 sec / Speedup: 6.503 / Efficiency: 50% / LogL: -548201
Threads: 14 / Time: 2.604 sec / Speedup: 6.901 / Efficiency: 49% / LogL: -548201
Determining AUTO threadcount: done in 83.26 secs using 489.3% CPU
BEST NUMBER OF THREADS: 13

325  K3Pu+F+I+I+R5 519632.555   131 1039527.110  1039527.250  1040892.276
Measuring multi-threading efficiency up to 15 CPU cores
Increase to 10 rounds for branch lengths
4 trees examined
Threads: 1 / Time: 18.104 sec / Speedup: 1.000 / Efficiency: 100% / LogL: -556967
Threads: 2 / Time: 10.759 sec / Speedup: 1.683 / Efficiency: 84% / LogL: -556967
Threads: 3 / Time: 7.688 sec / Speedup: 2.355 / Efficiency: 78% / LogL: -556967
Threads: 4 / Time: 7.080 sec / Speedup: 2.557 / Efficiency: 64% / LogL: -556967
Threads: 5 / Time: 5.264 sec / Speedup: 3.439 / Efficiency: 69% / LogL: -556967
Threads: 6 / Time: 4.606 sec / Speedup: 3.931 / Efficiency: 66% / LogL: -556967
Threads: 7 / Time: 4.131 sec / Speedup: 4.383 / Efficiency: 63% / LogL: -556967
Threads: 8 / Time: 3.763 sec / Speedup: 4.812 / Efficiency: 60% / LogL: -556967
Threads: 9 / Time: 3.422 sec / Speedup: 5.290 / Efficiency: 59% / LogL: -556967
Threads: 10 / Time: 3.210 sec / Speedup: 5.640 / Efficiency: 56% / LogL: -556967
Threads: 11 / Time: 3.000 sec / Speedup: 6.035 / Efficiency: 55% / LogL: -556967
Threads: 12 / Time: 16.401 sec / Speedup: 1.104 / Efficiency: 9% / LogL: -556967
Determining AUTO threadcount: done in 87.445 secs using 547.7% CPU
BEST NUMBER OF THREADS: 11

347  K3P+I+I+R5    527971.113   128 1056198.226  1056198.359  1057532.128
Measuring multi-threading efficiency up to 15 CPU cores
Increase to 10 rounds for branch lengths
4 trees examined
Threads: 1 / Time: 17.917 sec / Speedup: 1.000 / Efficiency: 100% / LogL: -548503
Threads: 2 / Time: 11.410 sec / Speedup: 1.570 / Efficiency: 79% / LogL: -548503
Threads: 3 / Time: 7.634 sec / Speedup: 2.347 / Efficiency: 78% / LogL: -548503
Threads: 4 / Time: 6.277 sec / Speedup: 2.854 / Efficiency: 71% / LogL: -548503
Threads: 5 / Time: 5.748 sec / Speedup: 3.117 / Efficiency: 62% / LogL: -548503
Threads: 6 / Time: 5.082 sec / Speedup: 3.525 / Efficiency: 59% / LogL: -548503
Threads: 7 / Time: 4.566 sec / Speedup: 3.924 / Efficiency: 56% / LogL: -548503
Threads: 8 / Time: 4.216 sec / Speedup: 4.250 / Efficiency: 53% / LogL: -548503
Threads: 9 / Time: 3.840 sec / Speedup: 4.666 / Efficiency: 52% / LogL: -548503
Threads: 10 / Time: 3.672 sec / Speedup: 4.880 / Efficiency: 49% / LogL: -548503
Determining AUTO threadcount: done in 70.3793 secs using 402.9% CPU
BEST NUMBER OF THREADS: 9

369  TN+F+I+I+R5   519636.916   131 1039535.831  1039535.971  1040900.997
Measuring multi-threading efficiency up to 15 CPU cores
Increase to 10 rounds for branch lengths
4 trees examined
Threads: 1 / Time: 18.081 sec / Speedup: 1.000 / Efficiency: 100% / LogL: -556888
Threads: 2 / Time: 11.499 sec / Speedup: 1.572 / Efficiency: 79% / LogL: -556888
Threads: 3 / Time: 7.662 sec / Speedup: 2.360 / Efficiency: 79% / LogL: -556888
Threads: 4 / Time: 6.292 sec / Speedup: 2.874 / Efficiency: 72% / LogL: -556888
Threads: 5 / Time: 6.074 sec / Speedup: 2.977 / Efficiency: 60% / LogL: -556888
Threads: 6 / Time: 5.418 sec / Speedup: 3.337 / Efficiency: 56% / LogL: -556888
Threads: 7 / Time: 4.644 sec / Speedup: 3.894 / Efficiency: 56% / LogL: -556888
Threads: 8 / Time: 4.270 sec / Speedup: 4.234 / Efficiency: 53% / LogL: -556888
Threads: 9 / Time: 3.551 sec / Speedup: 5.092 / Efficiency: 57% / LogL: -556888
Threads: 10 / Time: 3.334 sec / Speedup: 5.423 / Efficiency: 54% / LogL: -556888
Threads: 11 / Time: 3.548 sec / Speedup: 5.096 / Efficiency: 46% / LogL: -556888
Determining AUTO threadcount: done in 74.3883 secs using 432.3% CPU
BEST NUMBER OF THREADS: 10

391  TNe+I+I+R5    527970.549   128 1056197.098  1056197.231  1057531.000
Measuring multi-threading efficiency up to 15 CPU cores
Increase to 10 rounds for branch lengths
4 trees examined
Threads: 1 / Time: 17.884 sec / Speedup: 1.000 / Efficiency: 100% / LogL: -544543
Threads: 2 / Time: 10.868 sec / Speedup: 1.646 / Efficiency: 82% / LogL: -544543
Threads: 3 / Time: 8.435 sec / Speedup: 2.120 / Efficiency: 71% / LogL: -544543
Threads: 4 / Time: 6.897 sec / Speedup: 2.593 / Efficiency: 65% / LogL: -544543
Threads: 5 / Time: 5.737 sec / Speedup: 3.117 / Efficiency: 62% / LogL: -544543
Threads: 6 / Time: 5.387 sec / Speedup: 3.320 / Efficiency: 55% / LogL: -544543
Threads: 7 / Time: 4.096 sec / Speedup: 4.366 / Efficiency: 62% / LogL: -544543
Threads: 8 / Time: 4.382 sec / Speedup: 4.081 / Efficiency: 51% / LogL: -544543
Threads: 9 / Time: 3.973 sec / Speedup: 4.501 / Efficiency: 50% / LogL: -544543
Threads: 10 / Time: 3.703 sec / Speedup: 4.829 / Efficiency: 48% / LogL: -544543
Determining AUTO threadcount: done in 71.3778 secs using 404.8% CPU
BEST NUMBER OF THREADS: 7

413  HKY+F+I+I+R5  519636.928   130 1039533.855  1039533.992  1040888.600
Measuring multi-threading efficiency up to 15 CPU cores
Increase to 10 rounds for branch lengths
4 trees examined
Threads: 1 / Time: 18.047 sec / Speedup: 1.000 / Efficiency: 100% / LogL: -556404
Threads: 2 / Time: 9.996 sec / Speedup: 1.805 / Efficiency: 90% / LogL: -556404
Threads: 3 / Time: 8.342 sec / Speedup: 2.163 / Efficiency: 72% / LogL: -556404
Threads: 4 / Time: 6.280 sec / Speedup: 2.874 / Efficiency: 72% / LogL: -556404
Threads: 5 / Time: 6.038 sec / Speedup: 2.989 / Efficiency: 60% / LogL: -556404
Threads: 6 / Time: 4.629 sec / Speedup: 3.899 / Efficiency: 65% / LogL: -556404
Threads: 7 / Time: 4.566 sec / Speedup: 3.953 / Efficiency: 56% / LogL: -556404
Threads: 8 / Time: 3.741 sec / Speedup: 4.824 / Efficiency: 60% / LogL: -556404
Threads: 9 / Time: 3.984 sec / Speedup: 4.529 / Efficiency: 50% / LogL: -556404
Threads: 10 / Time: 3.188 sec / Speedup: 5.661 / Efficiency: 57% / LogL: -556404
Threads: 11 / Time: 2.967 sec / Speedup: 6.081 / Efficiency: 55% / LogL: -556404
Threads: 12 / Time: 2.815 sec / Speedup: 6.411 / Efficiency: 53% / LogL: -556404
Threads: 13 / Time: 2.618 sec / Speedup: 6.894 / Efficiency: 53% / LogL: -556404
Threads: 14 / Time: 2.785 sec / Speedup: 6.480 / Efficiency: 46% / LogL: -556404
Determining AUTO threadcount: done in 80.0164 secs using 516.6% CPU
BEST NUMBER OF THREADS: 13

435  K2P+I+I+R5    527971.420   127 1056196.840  1056196.971  1057520.321
Measuring multi-threading efficiency up to 15 CPU cores
Increase to 10 rounds for branch lengths
4 trees examined
Threads: 1 / Time: 19.327 sec / Speedup: 1.000 / Efficiency: 100% / LogL: -556989
Threads: 2 / Time: 12.415 sec / Speedup: 1.557 / Efficiency: 78% / LogL: -556989
Threads: 3 / Time: 9.214 sec / Speedup: 2.098 / Efficiency: 70% / LogL: -556989
Threads: 4 / Time: 7.012 sec / Speedup: 2.756 / Efficiency: 69% / LogL: -556989
Threads: 5 / Time: 5.881 sec / Speedup: 3.286 / Efficiency: 66% / LogL: -556989
Threads: 6 / Time: 5.854 sec / Speedup: 3.302 / Efficiency: 55% / LogL: -556989
Threads: 7 / Time: 4.542 sec / Speedup: 4.255 / Efficiency: 61% / LogL: -556989
Threads: 8 / Time: 4.766 sec / Speedup: 4.055 / Efficiency: 51% / LogL: -556989
Threads: 9 / Time: 3.752 sec / Speedup: 5.151 / Efficiency: 57% / LogL: -556989
Threads: 10 / Time: 4.017 sec / Speedup: 4.811 / Efficiency: 48% / LogL: -556989
Determining AUTO threadcount: done in 76.7939 secs using 399.5% CPU
BEST NUMBER OF THREADS: 9

457  F81+F+I+I+R5  527943.867   129 1056145.734  1056145.870  1057490.058
Measuring multi-threading efficiency up to 15 CPU cores
Increase to 10 rounds for branch lengths
4 trees examined
Threads: 1 / Time: 19.425 sec / Speedup: 1.000 / Efficiency: 100% / LogL: -566483
Threads: 2 / Time: 11.421 sec / Speedup: 1.701 / Efficiency: 85% / LogL: -566483
Threads: 3 / Time: 8.351 sec / Speedup: 2.326 / Efficiency: 78% / LogL: -566483
Threads: 4 / Time: 7.429 sec / Speedup: 2.615 / Efficiency: 65% / LogL: -566483
Threads: 5 / Time: 5.662 sec / Speedup: 3.431 / Efficiency: 69% / LogL: -566483
Threads: 6 / Time: 5.006 sec / Speedup: 3.880 / Efficiency: 65% / LogL: -566483
Threads: 7 / Time: 4.492 sec / Speedup: 4.324 / Efficiency: 62% / LogL: -566483
Threads: 8 / Time: 4.746 sec / Speedup: 4.093 / Efficiency: 51% / LogL: -566483
Threads: 9 / Time: 3.781 sec / Speedup: 5.138 / Efficiency: 57% / LogL: -566483
Threads: 10 / Time: 3.515 sec / Speedup: 5.526 / Efficiency: 55% / LogL: -566483
Threads: 11 / Time: 3.293 sec / Speedup: 5.899 / Efficiency: 54% / LogL: -566483
Threads: 12 / Time: 3.126 sec / Speedup: 6.214 / Efficiency: 52% / LogL: -566483
Threads: 13 / Time: 3.294 sec / Speedup: 5.897 / Efficiency: 45% / LogL: -566483
Determining AUTO threadcount: done in 83.5621 secs using 489.2% CPU
BEST NUMBER OF THREADS: 12

479  JC+I+I+R5     535893.957   126 1072039.913  1072040.042  1073352.973
Akaike Information Criterion:           TVM+F+I+I+R5
Corrected Akaike Information Criterion: TVM+F+I+I+R5
Bayesian Information Criterion:         TVM+F+I+I+R5
Best-fit model: TVM+F+I+I+R5 chosen according to BIC

All model information printed to pops.phy.model.gz
CPU time for ModelFinder: 23922.427 seconds (6h:38m:42s)
Wall-clock time for ModelFinder: 3867.414 seconds (1h:4m:27s)
Generating 1000 samples for ultrafast bootstrap (seed: 912263)...

NOTE: 351 MB RAM (0 GB) is required!
Measuring multi-threading efficiency up to 15 CPU cores
Increase to 10 rounds for branch lengths
6 trees examined
Threads: 1 / Time: 17.542 sec / Speedup: 1.000 / Efficiency: 100% / LogL: -607287
Threads: 2 / Time: 9.919 sec / Speedup: 1.768 / Efficiency: 88% / LogL: -607287
Threads: 3 / Time: 7.606 sec / Speedup: 2.306 / Efficiency: 77% / LogL: -607287
Threads: 4 / Time: 6.254 sec / Speedup: 2.805 / Efficiency: 70% / LogL: -607287
Threads: 5 / Time: 5.276 sec / Speedup: 3.325 / Efficiency: 66% / LogL: -607287
Threads: 6 / Time: 4.620 sec / Speedup: 3.797 / Efficiency: 63% / LogL: -607287
Threads: 7 / Time: 4.117 sec / Speedup: 4.261 / Efficiency: 61% / LogL: -607287
Threads: 8 / Time: 3.771 sec / Speedup: 4.652 / Efficiency: 58% / LogL: -607287
Threads: 9 / Time: 3.474 sec / Speedup: 5.050 / Efficiency: 56% / LogL: -607287
Threads: 10 / Time: 3.237 sec / Speedup: 5.420 / Efficiency: 54% / LogL: -607287
Threads: 11 / Time: 3.019 sec / Speedup: 5.811 / Efficiency: 53% / LogL: -607287
Threads: 12 / Time: 2.859 sec / Speedup: 6.135 / Efficiency: 51% / LogL: -607287
Threads: 13 / Time: 2.655 sec / Speedup: 6.606 / Efficiency: 51% / LogL: -607287
Threads: 14 / Time: 2.873 sec / Speedup: 6.106 / Efficiency: 44% / LogL: -607287
Determining AUTO threadcount: done in 77.2382 secs using 520.9% CPU
BEST NUMBER OF THREADS: 13

Estimate model parameters (epsilon = 0.100)
1. Initial log-likelihood: -519376.944
Optimal log-likelihood: -519376.856
Rate parameters:  A-C: 1.03158  A-G: 5.00085  A-T: 0.70679  C-G: 1.49744  C-T: 5.00085  G-T: 1.00000
Base frequencies:  A: 0.309  C: 0.178  G: 0.192  T: 0.321
Proportion of invariable sites: 0.643
Site proportion and rates:  (0.132,0.020) (0.122,0.020) (0.085,2.285) (0.011,22.599) (0.007,76.920)
Parameters optimization took 1 rounds (1.362 sec)
Wrote distance file to... 
Computing ML distances based on estimated model parameters...
Calculating distance matrix: done in 0.0237828 secs using 1295% CPU
Computing ML distances took 0.025728 sec (of wall-clock time) 0.328781 sec (of CPU time)
Setting up auxiliary I and S matrices: done in 0.0123335 secs using 955.2% CPU
Constructing RapidNJ tree: done in 0.823108 secs using 1014% CPU
Computing RapidNJ tree took 0.835558 sec (of wall-clock time) 8.466233 sec (of CPU time)
Log-likelihood of RapidNJ tree: -520204.243
--------------------------------------------------------------------
|             INITIALIZING CANDIDATE TREE SET                      |
--------------------------------------------------------------------
Generating 98 parsimony trees... 25.225 second
Computing log-likelihood of 98 initial trees ... 10.543 seconds
Current best score: -519376.856

Do NNI search on 20 best initial trees
Optimizing NNI: done in 1.56969 secs using 1297% CPU
Estimate model parameters (epsilon = 0.100)
BETTER TREE FOUND at iteration 1: -519336.909
Optimizing NNI: done in 1.76238 secs using 1298% CPU
Estimate model parameters (epsilon = 0.100)
BETTER TREE FOUND at iteration 2: -519081.802
Optimizing NNI: done in 2.96218 secs using 1299% CPU
Estimate model parameters (epsilon = 0.100)
BETTER TREE FOUND at iteration 3: -518978.046
Optimizing NNI: done in 2.06111 secs using 1299% CPU
Optimizing NNI: done in 2.84981 secs using 1299% CPU
Optimizing NNI: done in 2.232 secs using 1299% CPU
Optimizing NNI: done in 3.06359 secs using 1298% CPU
Optimizing NNI: done in 2.93949 secs using 1299% CPU
Optimizing NNI: done in 2.41934 secs using 1299% CPU
Optimizing NNI: done in 2.44091 secs using 1299% CPU
Iteration 10 / LogL: -519123.292 / Time: 0h:2m:26s
Optimizing NNI: done in 2.47125 secs using 1299% CPU
Optimizing NNI: done in 2.21847 secs using 1299% CPU
Optimizing NNI: done in 2.07292 secs using 1299% CPU
Optimizing NNI: done in 2.92344 secs using 1298% CPU
Optimizing NNI: done in 2.32542 secs using 1299% CPU
Optimizing NNI: done in 2.60521 secs using 1299% CPU
Optimizing NNI: done in 1.51542 secs using 1299% CPU
Optimizing NNI: done in 2.28008 secs using 1299% CPU
Optimizing NNI: done in 1.90866 secs using 1299% CPU
Optimizing NNI: done in 2.46035 secs using 1299% CPU
Iteration 20 / LogL: -519167.232 / Time: 0h:2m:49s
Finish initializing candidate tree set (20)
Current best tree score: -518978.046 / CPU time: 87.543
Number of iterations: 20
--------------------------------------------------------------------
|               OPTIMIZING CANDIDATE TREE SET                      |
--------------------------------------------------------------------
Optimizing NNI: done in 2.06481 secs using 1299% CPU
Estimate model parameters (epsilon = 0.100)
BETTER TREE FOUND at iteration 21: -518957.774
Optimizing NNI: done in 2.1975 secs using 1299% CPU
Optimizing NNI: done in 2.18519 secs using 1299% CPU
Estimate model parameters (epsilon = 0.100)
BETTER TREE FOUND at iteration 23: -518929.061
Optimizing NNI: done in 2.42661 secs using 1299% CPU
Optimizing NNI: done in 2.45962 secs using 1299% CPU
Optimizing NNI: done in 1.81981 secs using 1299% CPU
Optimizing NNI: done in 1.67018 secs using 1299% CPU
Optimizing NNI: done in 2.11388 secs using 1299% CPU
Optimizing NNI: done in 2.25089 secs using 1299% CPU
Optimizing NNI: done in 2.28281 secs using 1299% CPU
Iteration 30 / LogL: -518952.407 / Time: 0h:3m:19s (0h:10m:39s left)
Optimizing NNI: done in 2.45261 secs using 1299% CPU
Optimizing NNI: done in 2.02465 secs using 1299% CPU
Optimizing NNI: done in 2.0408 secs using 1299% CPU
Optimizing NNI: done in 2.33799 secs using 1299% CPU
Optimizing NNI: done in 2.33155 secs using 1299% CPU
Optimizing NNI: done in 1.90505 secs using 1299% CPU
Optimizing NNI: done in 1.88746 secs using 1299% CPU
Optimizing NNI: done in 2.32168 secs using 1299% CPU
Optimizing NNI: done in 2.90322 secs using 1299% CPU
Optimizing NNI: done in 2.24361 secs using 1299% CPU
Iteration 40 / LogL: -518964.620 / Time: 0h:3m:42s (0h:7m:52s left)
Optimizing NNI: done in 2.19877 secs using 1299% CPU
Optimizing NNI: done in 2.01963 secs using 1299% CPU
Optimizing NNI: done in 1.8621 secs using 1299% CPU
Optimizing NNI: done in 2.08395 secs using 1299% CPU
Optimizing NNI: done in 1.91949 secs using 1299% CPU
Optimizing NNI: done in 1.8299 secs using 1299% CPU
Optimizing NNI: done in 1.76802 secs using 1299% CPU
Optimizing NNI: done in 2.10487 secs using 1299% CPU
Optimizing NNI: done in 2.17717 secs using 1299% CPU
Optimizing NNI: done in 2.09727 secs using 1299% CPU
Iteration 50 / LogL: -518935.413 / Time: 0h:4m:2s (0h:6m:1s left)
Log-likelihood cutoff on original alignment: -519218.455
Optimizing NNI: done in 1.94427 secs using 1299% CPU
Optimizing NNI: done in 1.86935 secs using 1299% CPU
Optimizing NNI: done in 2.71039 secs using 1299% CPU
Optimizing NNI: done in 1.6099 secs using 1299% CPU
Optimizing NNI: done in 1.71544 secs using 1299% CPU
Optimizing NNI: done in 2.06261 secs using 1299% CPU
Optimizing NNI: done in 1.86742 secs using 1299% CPU
Optimizing NNI: done in 2.25258 secs using 1299% CPU
Estimate model parameters (epsilon = 0.100)
BETTER TREE FOUND at iteration 58: -518910.828
Optimizing NNI: done in 2.6276 secs using 1299% CPU
Optimizing NNI: done in 1.84174 secs using 1299% CPU
Iteration 60 / LogL: -518913.963 / Time: 0h:4m:25s (0h:7m:20s left)
Optimizing NNI: done in 1.40022 secs using 1299% CPU
Optimizing NNI: done in 2.72099 secs using 1299% CPU
Optimizing NNI: done in 1.9648 secs using 1299% CPU
Optimizing NNI: done in 1.59033 secs using 1299% CPU
Optimizing NNI: done in 1.69474 secs using 1299% CPU
Optimizing NNI: done in 2.83108 secs using 1299% CPU
Optimizing NNI: done in 2.20577 secs using 1299% CPU
Optimizing NNI: done in 2.37157 secs using 1299% CPU
Optimizing NNI: done in 1.78945 secs using 1299% CPU
Optimizing NNI: done in 1.81217 secs using 1299% CPU
Iteration 70 / LogL: -518917.296 / Time: 0h:4m:45s (0h:6m:4s left)
Optimizing NNI: done in 2.34783 secs using 1299% CPU
Optimizing NNI: done in 1.74181 secs using 1299% CPU
Optimizing NNI: done in 2.001 secs using 1299% CPU
Optimizing NNI: done in 1.79227 secs using 1299% CPU
Optimizing NNI: done in 2.2643 secs using 1299% CPU
Estimate model parameters (epsilon = 0.100)
BETTER TREE FOUND at iteration 75: -518905.342
Optimizing NNI: done in 2.19911 secs using 1299% CPU
Optimizing NNI: done in 1.79606 secs using 1299% CPU
Optimizing NNI: done in 2.02084 secs using 1299% CPU
Optimizing NNI: done in 2.53698 secs using 1299% CPU
Optimizing NNI: done in 1.87258 secs using 1299% CPU
Iteration 80 / LogL: -518920.134 / Time: 0h:5m:6s (0h:6m:9s left)
Optimizing NNI: done in 1.57896 secs using 1299% CPU
Optimizing NNI: done in 2.01685 secs using 1299% CPU
Estimate model parameters (epsilon = 0.100)
BETTER TREE FOUND at iteration 82: -518904.450
Optimizing NNI: done in 2.53998 secs using 1299% CPU
Optimizing NNI: done in 2.16555 secs using 1299% CPU
Estimate model parameters (epsilon = 0.100)
BETTER TREE FOUND at iteration 84: -518903.076
Optimizing NNI: done in 2.22307 secs using 1299% CPU
Optimizing NNI: done in 1.8414 secs using 1299% CPU
Optimizing NNI: done in 1.64881 secs using 1299% CPU
Optimizing NNI: done in 1.9757 secs using 1299% CPU
Optimizing NNI: done in 1.83288 secs using 1299% CPU
Estimate model parameters (epsilon = 0.100)
BETTER TREE FOUND at iteration 89: -518902.773
Optimizing NNI: done in 2.06043 secs using 1299% CPU
Estimate model parameters (epsilon = 0.100)
BETTER TREE FOUND at iteration 90: -518899.823
Iteration 90 / LogL: -518899.823 / Time: 0h:5m:29s (0h:6m:10s left)
Optimizing NNI: done in 2.66256 secs using 1299% CPU
Optimizing NNI: done in 2.36104 secs using 1299% CPU
Optimizing NNI: done in 1.79324 secs using 1299% CPU
Optimizing NNI: done in 2.01426 secs using 1299% CPU
Optimizing NNI: done in 1.82344 secs using 1299% CPU
Optimizing NNI: done in 2.19398 secs using 1299% CPU
Optimizing NNI: done in 1.96284 secs using 1299% CPU
Optimizing NNI: done in 2.02689 secs using 1299% CPU
Optimizing NNI: done in 2.45164 secs using 1299% CPU
Optimizing NNI: done in 1.86738 secs using 1299% CPU
Iteration 100 / LogL: -519029.165 / Time: 0h:5m:50s (0h:5m:19s left)
Log-likelihood cutoff on original alignment: -519184.339
NOTE: Bootstrap correlation coefficient of split occurrence frequencies: 0.968
NOTE: UFBoot does not converge, continue at least 100 more iterations
Optimizing NNI: done in 1.5929 secs using 1299% CPU
Optimizing NNI: done in 1.80996 secs using 1299% CPU
Optimizing NNI: done in 1.92628 secs using 1299% CPU
Optimizing NNI: done in 1.55635 secs using 1299% CPU
Optimizing NNI: done in 2.22643 secs using 1299% CPU
Optimizing NNI: done in 2.17012 secs using 1299% CPU
Optimizing NNI: done in 1.61141 secs using 1299% CPU
Optimizing NNI: done in 1.81091 secs using 1299% CPU
Optimizing NNI: done in 1.3863 secs using 1299% CPU
Optimizing NNI: done in 2.49317 secs using 1299% CPU
Iteration 110 / LogL: -518938.302 / Time: 0h:6m:9s (0h:5m:5s left)
Optimizing NNI: done in 2.37599 secs using 1298% CPU
Estimate model parameters (epsilon = 0.100)
BETTER TREE FOUND at iteration 111: -518892.811
Optimizing NNI: done in 2.73893 secs using 1299% CPU
Optimizing NNI: done in 1.68221 secs using 1299% CPU
Optimizing NNI: done in 1.87423 secs using 1299% CPU
Optimizing NNI: done in 1.76197 secs using 1299% CPU
Optimizing NNI: done in 1.81424 secs using 1299% CPU
Optimizing NNI: done in 1.77338 secs using 1299% CPU
Optimizing NNI: done in 2.15595 secs using 1299% CPU
Optimizing NNI: done in 2.14794 secs using 1299% CPU
Optimizing NNI: done in 1.43639 secs using 1299% CPU
Iteration 120 / LogL: -518945.082 / Time: 0h:6m:30s (0h:4m:58s left)
Optimizing NNI: done in 2.00357 secs using 1299% CPU
Optimizing NNI: done in 1.59473 secs using 1299% CPU
Optimizing NNI: done in 2.03612 secs using 1299% CPU
Optimizing NNI: done in 2.13642 secs using 1299% CPU
Optimizing NNI: done in 1.50152 secs using 1299% CPU
Optimizing NNI: done in 1.95415 secs using 1299% CPU
Optimizing NNI: done in 2.22112 secs using 1299% CPU
Optimizing NNI: done in 2.17697 secs using 1299% CPU
Optimizing NNI: done in 1.84598 secs using 1299% CPU
Optimizing NNI: done in 1.65188 secs using 1299% CPU
Iteration 130 / LogL: -518919.833 / Time: 0h:6m:50s (0h:4m:17s left)
Optimizing NNI: done in 2.32583 secs using 1298% CPU
Optimizing NNI: done in 2.06689 secs using 1299% CPU
Optimizing NNI: done in 2.16474 secs using 1299% CPU
Optimizing NNI: done in 1.60806 secs using 1299% CPU
Optimizing NNI: done in 1.805 secs using 1299% CPU
Optimizing NNI: done in 1.98344 secs using 1299% CPU
Optimizing NNI: done in 2.10406 secs using 1299% CPU
Optimizing NNI: done in 2.25483 secs using 1299% CPU
Optimizing NNI: done in 2.72238 secs using 1299% CPU
Optimizing NNI: done in 2.29625 secs using 1299% CPU
Iteration 140 / LogL: -518958.005 / Time: 0h:7m:11s (0h:3m:40s left)
Optimizing NNI: done in 1.79839 secs using 1299% CPU
Optimizing NNI: done in 2.00079 secs using 1299% CPU
Optimizing NNI: done in 2.23468 secs using 1299% CPU
Optimizing NNI: done in 1.78932 secs using 1299% CPU
Optimizing NNI: done in 1.8895 secs using 1299% CPU
Optimizing NNI: done in 1.78976 secs using 1299% CPU
Optimizing NNI: done in 1.73232 secs using 1299% CPU
Optimizing NNI: done in 2.36875 secs using 1299% CPU
Optimizing NNI: done in 2.1103 secs using 1300% CPU
Optimizing NNI: done in 1.88016 secs using 1299% CPU
Iteration 150 / LogL: -518898.446 / Time: 0h:7m:31s (0h:3m:4s left)
Log-likelihood cutoff on original alignment: -519184.339
Optimizing NNI: done in 2.37111 secs using 1299% CPU
Optimizing NNI: done in 1.76563 secs using 1299% CPU
Optimizing NNI: done in 1.89913 secs using 1299% CPU
Optimizing NNI: done in 2.43555 secs using 1299% CPU
Optimizing NNI: done in 2.21835 secs using 1299% CPU
Optimizing NNI: done in 1.93688 secs using 1299% CPU
Optimizing NNI: done in 1.88936 secs using 1299% CPU
Optimizing NNI: done in 1.89046 secs using 1299% CPU
Optimizing NNI: done in 1.85727 secs using 1299% CPU
Optimizing NNI: done in 2.05197 secs using 1299% CPU
Iteration 160 / LogL: -518947.228 / Time: 0h:7m:52s (0h:2m:31s left)
Optimizing NNI: done in 2.13472 secs using 1299% CPU
Optimizing NNI: done in 1.74263 secs using 1299% CPU
Optimizing NNI: done in 2.32938 secs using 1299% CPU
Optimizing NNI: done in 2.07523 secs using 1299% CPU
Optimizing NNI: done in 2.18356 secs using 1299% CPU
Optimizing NNI: done in 2.33245 secs using 1299% CPU
Optimizing NNI: done in 2.32702 secs using 1299% CPU
Optimizing NNI: done in 1.97039 secs using 1298% CPU
Optimizing NNI: done in 1.98449 secs using 1299% CPU
Optimizing NNI: done in 2.31173 secs using 1299% CPU
Iteration 170 / LogL: -518897.534 / Time: 0h:8m:14s (0h:1m:59s left)
Optimizing NNI: done in 1.76723 secs using 1300% CPU
Optimizing NNI: done in 1.95621 secs using 1299% CPU
Optimizing NNI: done in 2.09473 secs using 1299% CPU
Optimizing NNI: done in 2.11882 secs using 1299% CPU
Optimizing NNI: done in 1.71391 secs using 1300% CPU
Optimizing NNI: done in 2.05699 secs using 1299% CPU
Optimizing NNI: done in 2.69459 secs using 1299% CPU
Optimizing NNI: done in 1.74613 secs using 1298% CPU
Optimizing NNI: done in 2.12803 secs using 1299% CPU
Optimizing NNI: done in 1.65105 secs using 1299% CPU
Iteration 180 / LogL: -518903.575 / Time: 0h:8m:34s (0h:1m:29s left)
Optimizing NNI: done in 2.18503 secs using 1299% CPU
Optimizing NNI: done in 1.8441 secs using 1299% CPU
Optimizing NNI: done in 1.94869 secs using 1299% CPU
Optimizing NNI: done in 1.51123 secs using 1299% CPU
Optimizing NNI: done in 1.90919 secs using 1299% CPU
Optimizing NNI: done in 2.74372 secs using 1299% CPU
Optimizing NNI: done in 1.93846 secs using 1299% CPU
Optimizing NNI: done in 1.59278 secs using 1299% CPU
Optimizing NNI: done in 2.06633 secs using 1299% CPU
Optimizing NNI: done in 1.81085 secs using 1299% CPU
Iteration 190 / LogL: -518897.389 / Time: 0h:8m:54s (0h:0m:59s left)
Optimizing NNI: done in 29.6901 secs using 1184% CPU
Optimizing NNI: done in 1.98993 secs using 1299% CPU
Optimizing NNI: done in 2.07035 secs using 1299% CPU
Optimizing NNI: done in 1.51028 secs using 1299% CPU
Optimizing NNI: done in 1.70691 secs using 1299% CPU
Optimizing NNI: done in 2.15268 secs using 1299% CPU
Optimizing NNI: done in 1.59954 secs using 1298% CPU
Optimizing NNI: done in 2.18096 secs using 1298% CPU
Optimizing NNI: done in 2.13088 secs using 1298% CPU
Optimizing NNI: done in 2.00894 secs using 1298% CPU
Iteration 200 / LogL: -518957.767 / Time: 0h:9m:41s (0h:0m:32s left)
Log-likelihood cutoff on original alignment: -519184.339
NOTE: Bootstrap correlation coefficient of split occurrence frequencies: 0.988
NOTE: UFBoot does not converge, continue at least 100 more iterations
Optimizing NNI: done in 1.86927 secs using 1299% CPU
Optimizing NNI: done in 1.99286 secs using 1299% CPU
Optimizing NNI: done in 2.16815 secs using 1299% CPU
Optimizing NNI: done in 2.08531 secs using 1299% CPU
Optimizing NNI: done in 2.29984 secs using 1299% CPU
Optimizing NNI: done in 1.96025 secs using 1299% CPU
Optimizing NNI: done in 2.33781 secs using 1299% CPU
Optimizing NNI: done in 1.73364 secs using 1300% CPU
Optimizing NNI: done in 1.77451 secs using 1299% CPU
Optimizing NNI: done in 2.05064 secs using 1299% CPU
Iteration 210 / LogL: -518897.787 / Time: 0h:10m:2s (0h:4m:19s left)
Optimizing NNI: done in 2.74648 secs using 1299% CPU
Optimizing NNI: done in 1.76481 secs using 1298% CPU
Optimizing NNI: done in 2.14546 secs using 1299% CPU
Optimizing NNI: done in 1.41861 secs using 1299% CPU
Optimizing NNI: done in 1.8068 secs using 1299% CPU
Optimizing NNI: done in 2.35053 secs using 1299% CPU
Optimizing NNI: done in 1.79516 secs using 1299% CPU
Optimizing NNI: done in 2.42126 secs using 1299% CPU
Optimizing NNI: done in 1.49205 secs using 1299% CPU
Optimizing NNI: done in 1.77299 secs using 1299% CPU
Iteration 220 / LogL: -518916.745 / Time: 0h:10m:22s (0h:3m:47s left)
Optimizing NNI: done in 2.00315 secs using 1299% CPU
Optimizing NNI: done in 1.60092 secs using 1299% CPU
Optimizing NNI: done in 1.58296 secs using 1298% CPU
Optimizing NNI: done in 1.85339 secs using 1299% CPU
Optimizing NNI: done in 1.61439 secs using 1299% CPU
Optimizing NNI: done in 1.79365 secs using 1299% CPU
Optimizing NNI: done in 1.91512 secs using 1299% CPU
Optimizing NNI: done in 1.53094 secs using 1299% CPU
Optimizing NNI: done in 1.75806 secs using 1299% CPU
Optimizing NNI: done in 1.75801 secs using 1299% CPU
Iteration 230 / LogL: -518945.887 / Time: 0h:10m:40s (0h:3m:15s left)
Optimizing NNI: done in 1.53556 secs using 1299% CPU
Optimizing NNI: done in 1.93506 secs using 1299% CPU
Optimizing NNI: done in 1.61756 secs using 1299% CPU
Optimizing NNI: done in 2.34361 secs using 1299% CPU
Optimizing NNI: done in 1.76173 secs using 1299% CPU
Optimizing NNI: done in 1.65585 secs using 1299% CPU
Optimizing NNI: done in 1.9545 secs using 1299% CPU
Optimizing NNI: done in 1.77934 secs using 1299% CPU
Optimizing NNI: done in 1.62551 secs using 1299% CPU
Optimizing NNI: done in 1.97228 secs using 1299% CPU
Iteration 240 / LogL: -518915.434 / Time: 0h:10m:58s (0h:2m:45s left)
Optimizing NNI: done in 2.49109 secs using 1299% CPU
Optimizing NNI: done in 1.63742 secs using 1299% CPU
Optimizing NNI: done in 1.86713 secs using 1298% CPU
Optimizing NNI: done in 2.2497 secs using 1299% CPU
Optimizing NNI: done in 1.74153 secs using 1299% CPU
Optimizing NNI: done in 1.82819 secs using 1299% CPU
Optimizing NNI: done in 2.0954 secs using 1299% CPU
Optimizing NNI: done in 2.3287 secs using 1299% CPU
Optimizing NNI: done in 2.03565 secs using 1299% CPU
Optimizing NNI: done in 2.04098 secs using 1299% CPU
Iteration 250 / LogL: -518901.578 / Time: 0h:11m:19s (0h:2m:16s left)
Log-likelihood cutoff on original alignment: -519184.339
Optimizing NNI: done in 2.62303 secs using 1299% CPU
Optimizing NNI: done in 1.65862 secs using 1299% CPU
Optimizing NNI: done in 2.40358 secs using 1299% CPU
Optimizing NNI: done in 1.85011 secs using 1299% CPU
Optimizing NNI: done in 2.19579 secs using 1299% CPU
Optimizing NNI: done in 1.99688 secs using 1299% CPU
Optimizing NNI: done in 1.45648 secs using 1299% CPU
Optimizing NNI: done in 2.3221 secs using 1299% CPU
Optimizing NNI: done in 2.15424 secs using 1299% CPU
Optimizing NNI: done in 2.11205 secs using 1299% CPU
Iteration 260 / LogL: -518894.768 / Time: 0h:11m:40s (0h:1m:48s left)
Optimizing NNI: done in 1.64934 secs using 1299% CPU
Optimizing NNI: done in 1.84393 secs using 1299% CPU
Optimizing NNI: done in 1.63337 secs using 1299% CPU
Optimizing NNI: done in 1.71274 secs using 1300% CPU
Optimizing NNI: done in 1.6965 secs using 1299% CPU
Optimizing NNI: done in 2.03498 secs using 1299% CPU
Optimizing NNI: done in 2.04351 secs using 1299% CPU
Optimizing NNI: done in 1.64159 secs using 1299% CPU
Optimizing NNI: done in 1.84809 secs using 1299% CPU
Optimizing NNI: done in 2.28941 secs using 1299% CPU
Iteration 270 / LogL: -518904.354 / Time: 0h:11m:59s (0h:1m:20s left)
Optimizing NNI: done in 2.11857 secs using 1299% CPU
Optimizing NNI: done in 1.93906 secs using 1299% CPU
Optimizing NNI: done in 1.58772 secs using 1300% CPU
Optimizing NNI: done in 1.7124 secs using 1299% CPU
Optimizing NNI: done in 1.63757 secs using 1299% CPU
Optimizing NNI: done in 1.73204 secs using 1299% CPU
Optimizing NNI: done in 2.39959 secs using 1299% CPU
Optimizing NNI: done in 1.96742 secs using 1299% CPU
Optimizing NNI: done in 1.69669 secs using 1299% CPU
Optimizing NNI: done in 2.21562 secs using 1299% CPU
Iteration 280 / LogL: -518905.050 / Time: 0h:12m:18s (0h:0m:52s left)
Optimizing NNI: done in 1.63635 secs using 1299% CPU
Optimizing NNI: done in 1.71828 secs using 1299% CPU
Optimizing NNI: done in 2.15972 secs using 1299% CPU
Optimizing NNI: done in 2.3009 secs using 1299% CPU
Optimizing NNI: done in 1.86793 secs using 1299% CPU
Optimizing NNI: done in 1.66574 secs using 1299% CPU
Optimizing NNI: done in 2.05076 secs using 1299% CPU
Optimizing NNI: done in 2.55492 secs using 1299% CPU
Optimizing NNI: done in 1.81816 secs using 1299% CPU
Optimizing NNI: done in 1.92111 secs using 1298% CPU
Iteration 290 / LogL: -518897.564 / Time: 0h:12m:41s (0h:0m:26s left)
Optimizing NNI: done in 2.02385 secs using 1299% CPU
Optimizing NNI: done in 2.12085 secs using 1299% CPU
Optimizing NNI: done in 2.28896 secs using 1299% CPU
Optimizing NNI: done in 1.80157 secs using 1299% CPU
Optimizing NNI: done in 1.81953 secs using 1299% CPU
Optimizing NNI: done in 2.69927 secs using 1299% CPU
Optimizing NNI: done in 2.02153 secs using 1299% CPU
Optimizing NNI: done in 2.14714 secs using 1299% CPU
Optimizing NNI: done in 1.66522 secs using 1298% CPU
Optimizing NNI: done in 1.94603 secs using 1299% CPU
Iteration 300 / LogL: -518905.434 / Time: 0h:13m:2s (0h:0m:0s left)
Log-likelihood cutoff on original alignment: -519184.339
NOTE: Bootstrap correlation coefficient of split occurrence frequencies: 0.994
TREE SEARCH COMPLETED AFTER 300 ITERATIONS / Time: 0h:13m:2s

--------------------------------------------------------------------
|                    FINALIZING TREE SEARCH                        |
--------------------------------------------------------------------
Performs final model parameters optimization
Estimate model parameters (epsilon = 0.010)
1. Initial log-likelihood: -518892.811
Optimal log-likelihood: -518892.806
Rate parameters:  A-C: 1.02011  A-G: 5.02662  A-T: 0.70142  C-G: 1.48800  C-T: 5.02662  G-T: 1.00000
Base frequencies:  A: 0.309  C: 0.178  G: 0.192  T: 0.321
Proportion of invariable sites: 0.644
Site proportion and rates:  (0.133,0.020) (0.122,0.020) (0.084,2.391) (0.011,23.836) (0.007,78.846)
Parameters optimization took 1 rounds (0.389 sec)
BEST SCORE FOUND : -518892.806
Creating bootstrap support values...
Split supports printed to NEXUS file pops.phy.splits.nex
Total tree length: 0.174

Total number of iterations: 300
CPU time used for tree search: 8600.038 sec (2h:23m:20s)
Wall-clock time used for tree search: 700.171 sec (0h:11m:40s)
Total CPU time used: 9046.055 sec (2h:30m:46s)
Total wall-clock time used: 782.773 sec (0h:13m:2s)

Computing bootstrap consensus tree...
Reading input file pops.phy.splits.nex...
60 taxa and 755 splits.
Consensus tree written to pops.phy.contree
Reading input trees file pops.phy.contree
Log-likelihood of consensus tree: -518892.806

Analysis results written to: 
  IQ-TREE report:                pops.phy.iqtree
  Maximum-likelihood tree:       pops.phy.treefile
  Likelihood distances:          pops.phy.mldist

Ultrafast bootstrap approximation results written to:
  Split support values:          pops.phy.splits.nex
  Consensus tree:                pops.phy.contree
  Screen log file:               pops.phy.log

Date and Time: Fri Dec  2 14:07:44 2022
