PLINK v1.90b6.21 64-bit (19 Oct 2020)
Options in effect:
  --allow-extra-chr
  --double-id
  --make-bed
  --out binary_fileset
  --vcf thinned.nooutgroup.mac.vcf

Hostname: r05r28n02
Working directory: /panfs/pfs.local/work/bi/d669d153/phil.dicaeum/admixture.mac
Start time: Thu Dec  1 16:53:30 2022

Random number seed: 1669935210
128858 MB RAM detected; reserving 64429 MB for main workspace.
--vcf: binary_fileset-temporary.bed + binary_fileset-temporary.bim +
binary_fileset-temporary.fam written.
1067 variants loaded from .bim file.
58 people (0 males, 0 females, 58 ambiguous) loaded from .fam.
Ambiguous sex IDs written to binary_fileset.nosex .
Using 1 thread (no multithreaded calculations invoked).
Before main variant filters, 58 founders and 0 nonfounders present.
Calculating allele frequencies... done.
Total genotyping rate is 0.887503.
1067 variants and 58 people pass filters and QC.
Note: No phenotypes present.
--make-bed to binary_fileset.bed + binary_fileset.bim + binary_fileset.fam ...
done.

End time: Thu Dec  1 16:53:30 2022
