****                   ADMIXTURE Version 1.3.0                  ****
****                    Copyright 2008-2015                     ****
****           David Alexander, Suyash Shringarpure,            ****
****                John  Novembre, Ken Lange                   ****
****                                                            ****
****                 Please cite our paper!                     ****
****   Information at www.genetics.ucla.edu/software/admixture  ****

Cross-validation will be performed.  Folds=5.
Parallel execution requested.  Will use 10 threads.
Random seed: 43
Point estimation method: Block relaxation algorithm
Convergence acceleration algorithm: QuasiNewton, 3 secant conditions
Point estimation will terminate when objective function delta < 0.0001
Estimation of standard errors disabled; will compute point estimates only.
Size of G: 58x1067
Performing five EM steps to prime main algorithm
1 (EM) 	Elapsed: 0.008	Loglikelihood: -23400	(delta): 71866.7
2 (EM) 	Elapsed: 0.007	Loglikelihood: -22093.4	(delta): 1306.59
3 (EM) 	Elapsed: 0.008	Loglikelihood: -21832.5	(delta): 260.886
4 (EM) 	Elapsed: 0.007	Loglikelihood: -21693.8	(delta): 138.671
5 (EM) 	Elapsed: 0.008	Loglikelihood: -21607	(delta): 86.8272
Initial loglikelihood: -21607
Starting main algorithm
1 (QN/Block) 	Elapsed: 0.02	Loglikelihood: -20968.6	(delta): 638.41
2 (QN/Block) 	Elapsed: 0.02	Loglikelihood: -20522	(delta): 446.559
3 (QN/Block) 	Elapsed: 0.04	Loglikelihood: -20064.1	(delta): 457.985
4 (QN/Block) 	Elapsed: 0.04	Loglikelihood: -19895.1	(delta): 168.968
5 (QN/Block) 	Elapsed: 0.045	Loglikelihood: -19823.2	(delta): 71.8716
6 (QN/Block) 	Elapsed: 0.03	Loglikelihood: -19797.3	(delta): 25.961
7 (QN/Block) 	Elapsed: 0.045	Loglikelihood: -19795.2	(delta): 2.01494
8 (QN/Block) 	Elapsed: 0.03	Loglikelihood: -19795.1	(delta): 0.110582
9 (QN/Block) 	Elapsed: 0.045	Loglikelihood: -19795.1	(delta): 0.0301168
10 (QN/Block) 	Elapsed: 0.045	Loglikelihood: -19795.1	(delta): 0.00385119
11 (QN/Block) 	Elapsed: 0.027	Loglikelihood: -19795.1	(delta): 0.000942648
12 (QN/Block) 	Elapsed: 0.008	Loglikelihood: -19795.1	(delta): 0.01059
13 (QN/Block) 	Elapsed: 0.008	Loglikelihood: -19795.1	(delta): 0.00209665
14 (QN/Block) 	Elapsed: 0.008	Loglikelihood: -19795.1	(delta): 1.3585e-05
Summary: 
Converged in 14 iterations (0.545 sec)
Loglikelihood: -19795.076950
Fst divergences between estimated populations: 
	Pop0	
Pop0	
Pop1	0.321	
CV error (K=2): 0.41505
Writing output files.
