****                   ADMIXTURE Version 1.3.0                  ****
****                    Copyright 2008-2015                     ****
****           David Alexander, Suyash Shringarpure,            ****
****                John  Novembre, Ken Lange                   ****
****                                                            ****
****                 Please cite our paper!                     ****
****   Information at www.genetics.ucla.edu/software/admixture  ****

Cross-validation will be performed.  Folds=5.
Parallel execution requested.  Will use 10 threads.
Random seed: 43
Point estimation method: Block relaxation algorithm
Convergence acceleration algorithm: QuasiNewton, 3 secant conditions
Point estimation will terminate when objective function delta < 0.0001
Estimation of standard errors disabled; will compute point estimates only.
Size of G: 58x1067
Performing five EM steps to prime main algorithm
1 (EM) 	Elapsed: 0.002	Loglikelihood: -24012.6	(delta): 63706
2 (EM) 	Elapsed: 0.002	Loglikelihood: -22056.6	(delta): 1955.94
3 (EM) 	Elapsed: 0.003	Loglikelihood: -21669	(delta): 387.627
4 (EM) 	Elapsed: 0.002	Loglikelihood: -21462.3	(delta): 206.707
5 (EM) 	Elapsed: 0.002	Loglikelihood: -21317.5	(delta): 144.783
Initial loglikelihood: -21317.5
Starting main algorithm
1 (QN/Block) 	Elapsed: 0.009	Loglikelihood: -20016.4	(delta): 1301.11
2 (QN/Block) 	Elapsed: 0.01	Loglikelihood: -18914.1	(delta): 1102.28
3 (QN/Block) 	Elapsed: 0.011	Loglikelihood: -18401.7	(delta): 512.39
4 (QN/Block) 	Elapsed: 0.011	Loglikelihood: -18156.7	(delta): 244.989
5 (QN/Block) 	Elapsed: 0.012	Loglikelihood: -17994.7	(delta): 162.041
6 (QN/Block) 	Elapsed: 0.012	Loglikelihood: -17935.3	(delta): 59.3898
7 (QN/Block) 	Elapsed: 0.013	Loglikelihood: -17914.9	(delta): 20.3806
8 (QN/Block) 	Elapsed: 0.012	Loglikelihood: -17912.5	(delta): 2.41654
9 (QN/Block) 	Elapsed: 0.012	Loglikelihood: -17912.5	(delta): 0.0322441
10 (QN/Block) 	Elapsed: 0.011	Loglikelihood: -17912.5	(delta): 0.00182513
11 (QN/Block) 	Elapsed: 0.011	Loglikelihood: -17912.5	(delta): 0.000169694
12 (QN/Block) 	Elapsed: 0.011	Loglikelihood: -17912.5	(delta): 9.91816e-05
Summary: 
Converged in 12 iterations (0.157 sec)
Loglikelihood: -17912.477265
Fst divergences between estimated populations: 
	Pop0	Pop1	
Pop0	
Pop1	0.103	
Pop2	0.369	0.332	
CV error (K=3): 0.41429
Writing output files.
