****                   ADMIXTURE Version 1.3.0                  ****
****                    Copyright 2008-2015                     ****
****           David Alexander, Suyash Shringarpure,            ****
****                John  Novembre, Ken Lange                   ****
****                                                            ****
****                 Please cite our paper!                     ****
****   Information at www.genetics.ucla.edu/software/admixture  ****

Cross-validation will be performed.  Folds=5.
Parallel execution requested.  Will use 10 threads.
Random seed: 43
Point estimation method: Block relaxation algorithm
Convergence acceleration algorithm: QuasiNewton, 3 secant conditions
Point estimation will terminate when objective function delta < 0.0001
Estimation of standard errors disabled; will compute point estimates only.
Size of G: 58x1067
Performing five EM steps to prime main algorithm
1 (EM) 	Elapsed: 0.007	Loglikelihood: -24018.8	(delta): 61373.6
2 (EM) 	Elapsed: 0.008	Loglikelihood: -21914.9	(delta): 2103.92
3 (EM) 	Elapsed: 0.008	Loglikelihood: -21434.2	(delta): 480.731
4 (EM) 	Elapsed: 0.007	Loglikelihood: -21175	(delta): 259.181
5 (EM) 	Elapsed: 0.007	Loglikelihood: -21007	(delta): 167.995
Initial loglikelihood: -21007
Starting main algorithm
1 (QN/Block) 	Elapsed: 0.014	Loglikelihood: -19747.3	(delta): 1259.72
2 (QN/Block) 	Elapsed: 0.014	Loglikelihood: -18908.1	(delta): 839.158
3 (QN/Block) 	Elapsed: 0.015	Loglikelihood: -18356.3	(delta): 551.821
4 (QN/Block) 	Elapsed: 0.015	Loglikelihood: -18018.2	(delta): 338.129
5 (QN/Block) 	Elapsed: 0.015	Loglikelihood: -17710.2	(delta): 308.045
6 (QN/Block) 	Elapsed: 0.014	Loglikelihood: -17501.9	(delta): 208.292
7 (QN/Block) 	Elapsed: 0.015	Loglikelihood: -17353.7	(delta): 148.11
8 (QN/Block) 	Elapsed: 0.014	Loglikelihood: -17265.4	(delta): 88.3193
9 (QN/Block) 	Elapsed: 0.015	Loglikelihood: -17229.8	(delta): 35.5996
10 (QN/Block) 	Elapsed: 0.015	Loglikelihood: -17198.6	(delta): 31.2769
11 (QN/Block) 	Elapsed: 0.015	Loglikelihood: -17188.8	(delta): 9.75806
12 (QN/Block) 	Elapsed: 0.014	Loglikelihood: -17186.2	(delta): 2.55875
13 (QN/Block) 	Elapsed: 0.015	Loglikelihood: -17185.2	(delta): 1.01493
14 (QN/Block) 	Elapsed: 0.015	Loglikelihood: -17184.9	(delta): 0.352308
15 (QN/Block) 	Elapsed: 0.015	Loglikelihood: -17184.9	(delta): 0.00911258
16 (QN/Block) 	Elapsed: 0.014	Loglikelihood: -17184.9	(delta): 6.72408e-07
Summary: 
Converged in 16 iterations (0.285 sec)
Loglikelihood: -17184.859553
Fst divergences between estimated populations: 
	Pop0	Pop1	Pop2	
Pop0	
Pop1	0.342	
Pop2	0.111	0.371	
Pop3	0.068	0.340	0.122	
CV error (K=4): 0.46777
Writing output files.
