****                   ADMIXTURE Version 1.3.0                  ****
****                    Copyright 2008-2015                     ****
****           David Alexander, Suyash Shringarpure,            ****
****                John  Novembre, Ken Lange                   ****
****                                                            ****
****                 Please cite our paper!                     ****
****   Information at www.genetics.ucla.edu/software/admixture  ****

Cross-validation will be performed.  Folds=5.
Parallel execution requested.  Will use 10 threads.
Random seed: 43
Point estimation method: Block relaxation algorithm
Convergence acceleration algorithm: QuasiNewton, 3 secant conditions
Point estimation will terminate when objective function delta < 0.0001
Estimation of standard errors disabled; will compute point estimates only.
Size of G: 58x1067
Performing five EM steps to prime main algorithm
1 (EM) 	Elapsed: 0.011	Loglikelihood: -24145	(delta): 58497.9
2 (EM) 	Elapsed: 0.012	Loglikelihood: -21828.6	(delta): 2316.42
3 (EM) 	Elapsed: 0.012	Loglikelihood: -21303.2	(delta): 525.421
4 (EM) 	Elapsed: 0.013	Loglikelihood: -20999.2	(delta): 304.013
5 (EM) 	Elapsed: 0.012	Loglikelihood: -20781.4	(delta): 217.783
Initial loglikelihood: -20781.4
Starting main algorithm
1 (QN/Block) 	Elapsed: 0.034	Loglikelihood: -18368	(delta): 2413.41
2 (QN/Block) 	Elapsed: 0.034	Loglikelihood: -17250.3	(delta): 1117.69
3 (QN/Block) 	Elapsed: 0.049	Loglikelihood: -16664.3	(delta): 586.002
4 (QN/Block) 	Elapsed: 0.041	Loglikelihood: -16315.2	(delta): 349.104
5 (QN/Block) 	Elapsed: 0.047	Loglikelihood: -16136	(delta): 179.128
6 (QN/Block) 	Elapsed: 0.051	Loglikelihood: -16067	(delta): 69.0313
7 (QN/Block) 	Elapsed: 0.055	Loglikelihood: -16048.5	(delta): 18.5032
8 (QN/Block) 	Elapsed: 0.036	Loglikelihood: -16043.3	(delta): 5.24531
9 (QN/Block) 	Elapsed: 0.022	Loglikelihood: -16042.4	(delta): 0.895
10 (QN/Block) 	Elapsed: 0.022	Loglikelihood: -16041	(delta): 1.38014
11 (QN/Block) 	Elapsed: 0.022	Loglikelihood: -16041	(delta): 0.0287542
12 (QN/Block) 	Elapsed: 0.022	Loglikelihood: -16041	(delta): 3.72221e-06
Summary: 
Converged in 12 iterations (0.586 sec)
Loglikelihood: -16040.965555
Fst divergences between estimated populations: 
	Pop0	Pop1	Pop2	Pop3	Pop4	
Pop0	
Pop1	0.143	
Pop2	0.110	0.137	
Pop3	0.100	0.139	0.097	
Pop4	0.369	0.371	0.357	0.360	
Pop5	0.100	0.129	0.087	0.089	0.360	
CV error (K=6): 0.55285
Writing output files.
