****                   ADMIXTURE Version 1.3.0                  ****
****                    Copyright 2008-2015                     ****
****           David Alexander, Suyash Shringarpure,            ****
****                John  Novembre, Ken Lange                   ****
****                                                            ****
****                 Please cite our paper!                     ****
****   Information at www.genetics.ucla.edu/software/admixture  ****

Cross-validation will be performed.  Folds=5.
Parallel execution requested.  Will use 10 threads.
Random seed: 43
Point estimation method: Block relaxation algorithm
Convergence acceleration algorithm: QuasiNewton, 3 secant conditions
Point estimation will terminate when objective function delta < 0.0001
Estimation of standard errors disabled; will compute point estimates only.
Size of G: 58x1067
Performing five EM steps to prime main algorithm
1 (EM) 	Elapsed: 0.015	Loglikelihood: -24088.4	(delta): 57511.5
2 (EM) 	Elapsed: 0.015	Loglikelihood: -21759.1	(delta): 2329.3
3 (EM) 	Elapsed: 0.015	Loglikelihood: -21241.4	(delta): 517.63
4 (EM) 	Elapsed: 0.013	Loglikelihood: -20931.3	(delta): 310.129
5 (EM) 	Elapsed: 0.015	Loglikelihood: -20698.1	(delta): 233.201
Initial loglikelihood: -20698.1
Starting main algorithm
1 (QN/Block) 	Elapsed: 0.038	Loglikelihood: -17967.6	(delta): 2730.52
2 (QN/Block) 	Elapsed: 0.035	Loglikelihood: -16706.8	(delta): 1260.75
3 (QN/Block) 	Elapsed: 0.048	Loglikelihood: -16118.4	(delta): 588.431
4 (QN/Block) 	Elapsed: 0.037	Loglikelihood: -15806.9	(delta): 311.501
5 (QN/Block) 	Elapsed: 0.026	Loglikelihood: -15671.4	(delta): 135.469
6 (QN/Block) 	Elapsed: 0.026	Loglikelihood: -15625.7	(delta): 45.7406
7 (QN/Block) 	Elapsed: 0.026	Loglikelihood: -15598	(delta): 27.6797
8 (QN/Block) 	Elapsed: 0.026	Loglikelihood: -15591.2	(delta): 6.80455
9 (QN/Block) 	Elapsed: 0.026	Loglikelihood: -15589.7	(delta): 1.54243
10 (QN/Block) 	Elapsed: 0.026	Loglikelihood: -15588.2	(delta): 1.48316
11 (QN/Block) 	Elapsed: 0.026	Loglikelihood: -15588.1	(delta): 0.0518525
12 (QN/Block) 	Elapsed: 0.026	Loglikelihood: -15588.1	(delta): 0.0662248
13 (QN/Block) 	Elapsed: 0.026	Loglikelihood: -15588.1	(delta): 0.0027471
14 (QN/Block) 	Elapsed: 0.026	Loglikelihood: -15588.1	(delta): 0.000320038
15 (QN/Block) 	Elapsed: 0.026	Loglikelihood: -15588.1	(delta): 1.20981e-08
Summary: 
Converged in 15 iterations (0.583 sec)
Loglikelihood: -15588.056639
Fst divergences between estimated populations: 
	Pop0	Pop1	Pop2	Pop3	Pop4	Pop5	
Pop0	
Pop1	0.151	
Pop2	0.157	0.099	
Pop3	0.094	0.163	0.163	
Pop4	0.085	0.144	0.153	0.086	
Pop5	0.353	0.385	0.395	0.369	0.363	
Pop6	0.100	0.152	0.160	0.115	0.101	0.354	
CV error (K=7): 0.59049
Writing output files.
