****                   ADMIXTURE Version 1.3.0                  ****
****                    Copyright 2008-2015                     ****
****           David Alexander, Suyash Shringarpure,            ****
****                John  Novembre, Ken Lange                   ****
****                                                            ****
****                 Please cite our paper!                     ****
****   Information at www.genetics.ucla.edu/software/admixture  ****

Cross-validation will be performed.  Folds=5.
Parallel execution requested.  Will use 10 threads.
Random seed: 43
Point estimation method: Block relaxation algorithm
Convergence acceleration algorithm: QuasiNewton, 3 secant conditions
Point estimation will terminate when objective function delta < 0.0001
Estimation of standard errors disabled; will compute point estimates only.
Size of G: 58x1067
Performing five EM steps to prime main algorithm
1 (EM) 	Elapsed: 0.019	Loglikelihood: -24089.8	(delta): 55764.4
2 (EM) 	Elapsed: 0.02	Loglikelihood: -21677.2	(delta): 2412.57
3 (EM) 	Elapsed: 0.019	Loglikelihood: -21113.9	(delta): 563.28
4 (EM) 	Elapsed: 0.018	Loglikelihood: -20765.7	(delta): 348.207
5 (EM) 	Elapsed: 0.019	Loglikelihood: -20503.4	(delta): 262.367
Initial loglikelihood: -20503.4
Starting main algorithm
1 (QN/Block) 	Elapsed: 0.039	Loglikelihood: -17729	(delta): 2774.34
2 (QN/Block) 	Elapsed: 0.038	Loglikelihood: -16472.5	(delta): 1256.55
3 (QN/Block) 	Elapsed: 0.052	Loglikelihood: -15936.8	(delta): 535.646
4 (QN/Block) 	Elapsed: 0.062	Loglikelihood: -15470.3	(delta): 466.585
5 (QN/Block) 	Elapsed: 0.058	Loglikelihood: -15190.3	(delta): 279.96
6 (QN/Block) 	Elapsed: 0.051	Loglikelihood: -15030.9	(delta): 159.395
7 (QN/Block) 	Elapsed: 0.053	Loglikelihood: -14912.4	(delta): 118.54
8 (QN/Block) 	Elapsed: 0.048	Loglikelihood: -14861.2	(delta): 51.1328
9 (QN/Block) 	Elapsed: 0.063	Loglikelihood: -14840.4	(delta): 20.8143
10 (QN/Block) 	Elapsed: 0.048	Loglikelihood: -14827.5	(delta): 12.907
11 (QN/Block) 	Elapsed: 0.063	Loglikelihood: -14822.5	(delta): 5.03598
12 (QN/Block) 	Elapsed: 0.058	Loglikelihood: -14818.6	(delta): 3.83144
13 (QN/Block) 	Elapsed: 0.063	Loglikelihood: -14809.8	(delta): 8.87832
14 (QN/Block) 	Elapsed: 0.048	Loglikelihood: -14808.3	(delta): 1.47754
15 (QN/Block) 	Elapsed: 0.066	Loglikelihood: -14808.2	(delta): 0.0555377
16 (QN/Block) 	Elapsed: 0.064	Loglikelihood: -14808.2	(delta): 7.10732e-07
Summary: 
Converged in 16 iterations (1.102 sec)
Loglikelihood: -14808.222037
Fst divergences between estimated populations: 
	Pop0	Pop1	Pop2	Pop3	Pop4	Pop5	Pop6	Pop7	
Pop0	
Pop1	0.228	
Pop2	0.209	0.192	
Pop3	0.168	0.157	0.149	
Pop4	0.398	0.404	0.394	0.373	
Pop5	0.104	0.213	0.194	0.157	0.390	
Pop6	0.159	0.157	0.143	0.102	0.355	0.150	
Pop7	0.174	0.163	0.138	0.108	0.372	0.161	0.105	
Pop8	0.204	0.215	0.198	0.162	0.391	0.190	0.159	0.166	
CV error (K=9): 0.66619
Writing output files.
